#
# A fatal error has been detected by the Java Runtime Environment:
#
#  EXCEPTION_ACCESS_VIOLATION (0xc0000005) at pc=0x0000000063125ab8, pid=6356, tid=0x000000000000383c
#
# JRE version: OpenJDK Runtime Environment (8.0_242-b01) (build 1.8.0_242-release-1644-b01)
# Java VM: OpenJDK 64-Bit Server VM (25.242-b01 mixed mode windows-amd64 compressed oops)
# Problematic frame:
# V  [jvm.dll+0x115ab8]
#
# Failed to write core dump. Minidumps are not enabled by default on client versions of Windows
#
# If you would like to submit a bug report, please visit:
#   
#

---------------  T H R E A D  ---------------

Current thread (0x0000000002abc000):  GCTaskThread [stack: 0x0000000012420000,0x0000000012520000] [id=14396]

siginfo: ExceptionCode=0xc0000005, reading address 0xffffffffffffffff

Registers:
RAX=0x0000000012720000, RBX=0x00000000000001d3, RCX=0x0000000000000000, RDX=0x0000000000000003
RSP=0x000000001251f0c0, RBP=0x0000000002b8ff70, RSI=0x00000000ff95efa8, RDI=0x00000000dbdab018
R8 =0x007ffffffffded58, R9 =0x0000000002b8ff70, R10=0x00000000000001dc, R11=0x00000000ff95f940
R12=0x00000000ff95f160, R13=0x0000000000000080, R14=0x00000000ff95ef50, R15=0x0000000000000080
RIP=0x0000000063125ab8, EFLAGS=0x0000000000010206

Top of Stack: (sp=0x000000001251f0c0)
0x000000001251f0c0:   0000000014cd9f20 00000000630ff9d6
0x000000001251f0d0:   00000000ff95ef50 00000000ff95ef44
0x000000001251f0e0:   0000000002b8ff70 0000000063125bd3
0x000000001251f0f0:   0000000000000000 0000000002abc6d0
0x000000001251f100:   0000000002ab2d90 000000001251f239
0x000000001251f110:   00000000000001d3 00000000633d9af0
0x000000001251f120:   0000000002b8ff70 0000000002b8ff70
0x000000001251f130:   000000006362d5d8 000000006362d5d8
0x000000001251f140:   0000000014cd9370 000000001251f239
0x000000001251f150:   0000000000000000 0000000000000004
0x000000001251f160:   0000000002b8ff70 00000000630fe4d2
0x000000001251f170:   00000000e0004db8 0000000000000000
0x000000001251f180:   0000000000000000 0000000002ab2d90
0x000000001251f190:   0000000002abc6e0 0000000002abc6d0
0x000000001251f1a0:   000000006362d5d8 0000000002b8ff70
0x000000001251f1b0:   0000000000000000 000000001251f239 

Instructions: (pc=0x0000000063125ab8)
0x0000000063125a98:   05 93 95 6b 00 49 c1 e8 03 49 d3 e8 41 0f b6 c0
0x0000000063125aa8:   49 c1 e8 06 24 3f 0f b6 d0 48 8b 05 a8 95 6b 00
0x0000000063125ab8:   4a 8b 0c c0 48 0f a3 d1 72 3e 48 8b cf e8 36 1d
0x0000000063125ac8:   fd ff 84 c0 74 32 48 8b d7 48 8b cd e8 f7 dd fc 


Register to memory mapping:

RAX=0x0000000012720000 is an unknown value
RBX=0x00000000000001d3 is an unknown value
RCX=0x0000000000000000 is an unknown value
RDX=0x0000000000000003 is an unknown value
RSP=0x000000001251f0c0 is an unknown value
RBP=0x0000000002b8ff70 is an unknown value
RSI=0x00000000ff95efa8 is an oop

[error occurred during error reporting (printing register info), id 0xc0000005]

Stack: [0x0000000012420000,0x0000000012520000],  sp=0x000000001251f0c0,  free space=1020k
Native frames: (J=compiled Java code, j=interpreted, Vv=VM code, C=native code)
V  [jvm.dll+0x115ab8]
V  [jvm.dll+0x3c9af0]
V  [jvm.dll+0x3c6cc0]
V  [jvm.dll+0x3c482e]
V  [jvm.dll+0x27276a]
C  [msvcr100.dll+0x21d9f]
C  [msvcr100.dll+0x21e3b]
C  [KERNEL32.DLL+0x17034]
C  [ntdll.dll+0x4cec1]


---------------  P R O C E S S  ---------------

Java Threads: ( => current thread )
  0x000000001df17000 JavaThread "Cache worker for execution history cache (D:\Projects\Git Repos\Food-Ordering-System\.gradle\6.1.1\executionHistory)" [_thread_blocked, id=10856, stack(0x0000000022f20000,0x0000000023020000)]
  0x000000001df14000 JavaThread "Cache worker for Build Output Cleanup Cache (D:\Projects\Git Repos\Food-Ordering-System\.gradle\buildOutputCleanup)" [_thread_blocked, id=12768, stack(0x0000000020880000,0x0000000020980000)]
  0x000000001df0c000 JavaThread "Build operations Thread 6" [_thread_blocked, id=3004, stack(0x0000000020380000,0x0000000020480000)]
  0x000000001df12000 JavaThread "Build operations Thread 5" [_thread_blocked, id=4812, stack(0x0000000020280000,0x0000000020380000)]
  0x000000001df0b000 JavaThread "Build operations Thread 4" [_thread_blocked, id=2436, stack(0x0000000020180000,0x0000000020280000)]
  0x000000001df0a800 JavaThread "Build operations Thread 3" [_thread_blocked, id=9172, stack(0x0000000020080000,0x0000000020180000)]
  0x000000001df0e000 JavaThread "Build operations Thread 2" [_thread_blocked, id=1344, stack(0x000000001ff80000,0x0000000020080000)]
  0x000000001df0c800 JavaThread "Build operations" [_thread_blocked, id=7704, stack(0x000000001fe80000,0x000000001ff80000)]
  0x00000000183e8800 JavaThread "Cache worker for execution history cache (C:\Users\Loyd\.gradle\caches\6.1.1\executionHistory)" [_thread_blocked, id=14572, stack(0x000000001e1b0000,0x000000001e2b0000)]
  0x00000000183e4000 JavaThread "Cache worker for cache directory md-rule (C:\Users\Loyd\.gradle\caches\6.1.1\md-rule)" [_thread_blocked, id=3756, stack(0x000000001d010000,0x000000001d110000)]
  0x00000000183e3800 JavaThread "Cache worker for cache directory md-supplier (C:\Users\Loyd\.gradle\caches\6.1.1\md-supplier)" [_thread_blocked, id=12480, stack(0x000000001ca60000,0x000000001cb60000)]
  0x00000000183ea000 JavaThread "Cache worker for file hash cache (D:\Projects\Git Repos\Food-Ordering-System\.gradle\6.1.1\fileHashes)" [_thread_blocked, id=5208, stack(0x000000001cd10000,0x000000001ce10000)]
  0x00000000183e9800 JavaThread "Cache worker for checksums cache (D:\Projects\Git Repos\Food-Ordering-System\.gradle\checksums)" [_thread_blocked, id=9072, stack(0x000000001cc10000,0x000000001cd10000)]
  0x00000000183e8000 JavaThread "Cache worker for file hash cache (C:\Users\Loyd\.gradle\caches\6.1.1\fileHashes)" [_thread_blocked, id=6148, stack(0x000000001a5c0000,0x000000001a6c0000)]
  0x00000000183e6800 JavaThread "File lock request listener" [_thread_in_native, id=14304, stack(0x000000001a4c0000,0x000000001a5c0000)]
  0x00000000184db800 JavaThread "Cache worker for journal cache (C:\Users\Loyd\.gradle\caches\journal-1)" [_thread_blocked, id=6748, stack(0x000000001a3c0000,0x000000001a4c0000)]
  0x0000000018383800 JavaThread "Thread-9" [_thread_blocked, id=276, stack(0x000000001a0c0000,0x000000001a1c0000)]
  0x0000000018379800 JavaThread "Stdin handler" [_thread_blocked, id=4136, stack(0x0000000019fc0000,0x000000001a0c0000)]
  0x0000000018378800 JavaThread "Asynchronous log dispatcher for DefaultDaemonConnection: socket connection from /127.0.0.1:14236 to /127.0.0.1:14237" [_thread_blocked, id=9108, stack(0x0000000019ec0000,0x0000000019fc0000)]
  0x0000000018388000 JavaThread "Daemon worker" [_thread_blocked, id=5368, stack(0x0000000019dc0000,0x0000000019ec0000)]
  0x0000000018375000 JavaThread "Cancel handler" [_thread_blocked, id=3152, stack(0x0000000019cc0000,0x0000000019dc0000)]
  0x00000000171b0000 JavaThread "Handler for socket connection from /127.0.0.1:14236 to /127.0.0.1:14237" [_thread_in_native, id=12172, stack(0x00000000199c0000,0x0000000019ac0000)]
  0x00000000171af000 JavaThread "Daemon" [_thread_blocked, id=2200, stack(0x00000000198c0000,0x00000000199c0000)]
  0x0000000018370800 JavaThread "Daemon periodic checks" [_thread_blocked, id=13112, stack(0x00000000197c0000,0x00000000198c0000)]
  0x00000000182dc000 JavaThread "Incoming local TCP Connector on port 14236" [_thread_in_native, id=4768, stack(0x0000000019580000,0x0000000019680000)]
  0x0000000018280800 JavaThread "Daemon health stats" [_thread_blocked, id=14960, stack(0x0000000018f40000,0x0000000019040000)]
  0x000000001611b000 JavaThread "Service Thread" daemon [_thread_blocked, id=9104, stack(0x00000000165a0000,0x00000000166a0000)]
  0x000000001421e000 JavaThread "C1 CompilerThread2" daemon [_thread_blocked, id=12776, stack(0x00000000164a0000,0x00000000165a0000)]
  0x000000001420f000 JavaThread "C2 CompilerThread1" daemon [_thread_blocked, id=10408, stack(0x0000000015fa0000,0x00000000160a0000)]
  0x000000001420d000 JavaThread "C2 CompilerThread0" daemon [_thread_blocked, id=12572, stack(0x0000000015ea0000,0x0000000015fa0000)]
  0x0000000014208800 JavaThread "Attach Listener" daemon [_thread_blocked, id=4664, stack(0x0000000015da0000,0x0000000015ea0000)]
  0x0000000014204000 JavaThread "Signal Dispatcher" daemon [_thread_blocked, id=2284, stack(0x0000000015ca0000,0x0000000015da0000)]
  0x0000000002b9c000 JavaThread "Finalizer" daemon [_thread_blocked, id=12892, stack(0x0000000015aa0000,0x0000000015ba0000)]
  0x00000000141eb000 JavaThread "Reference Handler" daemon [_thread_blocked, id=5752, stack(0x00000000159a0000,0x0000000015aa0000)]
  0x0000000002a9e000 JavaThread "main" [_thread_blocked, id=13024, stack(0x0000000002940000,0x0000000002a40000)]

Other Threads:
  0x00000000141c7000 VMThread [stack: 0x00000000158a0000,0x00000000159a0000] [id=9280]
  0x000000001612b800 WatcherThread [stack: 0x00000000166a0000,0x00000000167a0000] [id=2180]

=>0x0000000002abc000 (exited) GCTaskThread [stack: 0x0000000012420000,0x0000000012520000] [id=14396]

VM state:at safepoint (normal execution)

VM Mutex/Monitor currently owned by a thread:  ([mutex/lock_event])
[0x0000000002a9d610] Threads_lock - owner thread: 0x00000000141c7000
[0x0000000002a9cc90] Heap_lock - owner thread: 0x0000000018388000

heap address: 0x00000000e0000000, size: 512 MB, Compressed Oops mode: 32-bit
Narrow klass base: 0x0000000000000000, Narrow klass shift: 3
Compressed class space size: 1073741824 Address: 0x0000000100000000

Heap:
 PSYoungGen      total 145920K, used 15340K [0x00000000f5580000, 0x0000000100000000, 0x0000000100000000)
  eden space 130560K, 0% used [0x00000000f5580000,0x00000000f5580000,0x00000000fd500000)
  from space 15360K, 99% used [0x00000000ff100000,0x00000000ffffb330,0x0000000100000000)
  to   space 22016K, 0% used [0x00000000fd500000,0x00000000fd500000,0x00000000fea80000)
 ParOldGen       total 175104K, used 25598K [0x00000000e0000000, 0x00000000eab00000, 0x00000000f5580000)
  object space 175104K, 14% used [0x00000000e0000000,0x00000000e18ff930,0x00000000eab00000)
 Metaspace       used 56943K, capacity 59034K, committed 59160K, reserved 1099776K
  class space    used 7788K, capacity 8279K, committed 8360K, reserved 1048576K

Card table byte_map: [0x0000000011f60000,0x0000000012070000] byte_map_base: 0x0000000011860000

Marking Bits: (ParMarkBitMap*) 0x00000000637df030
 Begin Bits: [0x0000000012720000, 0x0000000012f20000)
 End Bits:   [0x0000000012f20000, 0x0000000013720000)

Polling page: 0x0000000001090000

CodeCache: size=245760Kb used=15947Kb max_used=17712Kb free=229812Kb
 bounds [0x0000000002ba0000, 0x0000000003d00000, 0x0000000011ba0000]
 total_blobs=5281 nmethods=4504 adapters=689
 compilation: enabled

Compilation events (10 events):
Event: 4.378 Thread 0x000000001421e000 nmethod 4992 0x0000000002d99310 code [0x0000000002d99500, 0x0000000002d99c28]
Event: 4.378 Thread 0x000000001421e000 4993       3       org.gradle.internal.event.DefaultListenerManager$EventBroadcast::access$400 (6 bytes)
Event: 4.379 Thread 0x000000001421e000 nmethod 4993 0x0000000002deed10 code [0x0000000002deee80, 0x0000000002def0f8]
Event: 4.379 Thread 0x000000001421e000 4994       1       org.gradle.launcher.daemon.server.exec.LogToClient::access$100 (5 bytes)
Event: 4.379 Thread 0x000000001421e000 nmethod 4994 0x0000000002ccd410 code [0x0000000002ccd560, 0x0000000002ccd650]
Event: 4.382 Thread 0x000000001420d000 nmethod 4991 0x0000000002d9b790 code [0x0000000002d9b900, 0x0000000002d9c048]
Event: 4.383 Thread 0x000000001421e000 4995       3       org.gradle.api.internal.DefaultDomainObjectCollection$IteratorImpl::hasNext (10 bytes)
Event: 4.383 Thread 0x000000001421e000 nmethod 4995 0x0000000002d2ec10 code [0x0000000002d2ed80, 0x0000000002d2efa8]
Event: 4.383 Thread 0x000000001421e000 4996       1       groovy.lang.MetaClassImpl::isInitialized (5 bytes)
Event: 4.383 Thread 0x000000001421e000 nmethod 4996 0x000000000329fad0 code [0x000000000329fc20, 0x000000000329fd30]

GC Heap History (10 events):
Event: 2.368 GC heap after
Heap after GC invocations=6 (full 1):
 PSYoungGen      total 141824K, used 10747K [0x00000000f5580000, 0x0000000100000000, 0x0000000100000000)
  eden space 131072K, 0% used [0x00000000f5580000,0x00000000f5580000,0x00000000fd580000)
  from space 10752K, 99% used [0x00000000fd580000,0x00000000fdffec80,0x00000000fe000000)
  to   space 15360K, 0% used [0x00000000ff100000,0x00000000ff100000,0x0000000100000000)
 ParOldGen       total 175104K, used 9992K [0x00000000e0000000, 0x00000000eab00000, 0x00000000f5580000)
  object space 175104K, 5% used [0x00000000e0000000,0x00000000e09c2168,0x00000000eab00000)
 Metaspace       used 32215K, capacity 33194K, committed 33456K, reserved 1077248K
  class space    used 4373K, capacity 4666K, committed 4784K, reserved 1048576K
}
Event: 2.585 GC heap before
{Heap before GC invocations=7 (full 1):
 PSYoungGen      total 141824K, used 54443K [0x00000000f5580000, 0x0000000100000000, 0x0000000100000000)
  eden space 131072K, 33% used [0x00000000f5580000,0x00000000f802c0d0,0x00000000fd580000)
  from space 10752K, 99% used [0x00000000fd580000,0x00000000fdffec80,0x00000000fe000000)
  to   space 15360K, 0% used [0x00000000ff100000,0x00000000ff100000,0x0000000100000000)
 ParOldGen       total 175104K, used 9992K [0x00000000e0000000, 0x00000000eab00000, 0x00000000f5580000)
  object space 175104K, 5% used [0x00000000e0000000,0x00000000e09c2168,0x00000000eab00000)
 Metaspace       used 34483K, capacity 35426K, committed 35496K, reserved 1079296K
  class space    used 4697K, capacity 4976K, committed 5032K, reserved 1048576K
Event: 2.591 GC heap after
Heap after GC invocations=7 (full 1):
 PSYoungGen      total 159744K, used 9735K [0x00000000f5580000, 0x0000000100000000, 0x0000000100000000)
  eden space 144384K, 0% used [0x00000000f5580000,0x00000000f5580000,0x00000000fe280000)
  from space 15360K, 63% used [0x00000000ff100000,0x00000000ffa81d40,0x0000000100000000)
  to   space 14848K, 0% used [0x00000000fe280000,0x00000000fe280000,0x00000000ff100000)
 ParOldGen       total 175104K, used 10000K [0x00000000e0000000, 0x00000000eab00000, 0x00000000f5580000)
  object space 175104K, 5% used [0x00000000e0000000,0x00000000e09c4168,0x00000000eab00000)
 Metaspace       used 34483K, capacity 35426K, committed 35496K, reserved 1079296K
  class space    used 4697K, capacity 4976K, committed 5032K, reserved 1048576K
}
Event: 2.591 GC heap before
{Heap before GC invocations=8 (full 2):
 PSYoungGen      total 159744K, used 9735K [0x00000000f5580000, 0x0000000100000000, 0x0000000100000000)
  eden space 144384K, 0% used [0x00000000f5580000,0x00000000f5580000,0x00000000fe280000)
  from space 15360K, 63% used [0x00000000ff100000,0x00000000ffa81d40,0x0000000100000000)
  to   space 14848K, 0% used [0x00000000fe280000,0x00000000fe280000,0x00000000ff100000)
 ParOldGen       total 175104K, used 10000K [0x00000000e0000000, 0x00000000eab00000, 0x00000000f5580000)
  object space 175104K, 5% used [0x00000000e0000000,0x00000000e09c4168,0x00000000eab00000)
 Metaspace       used 34483K, capacity 35426K, committed 35496K, reserved 1079296K
  class space    used 4697K, capacity 4976K, committed 5032K, reserved 1048576K
Event: 2.627 GC heap after
Heap after GC invocations=8 (full 2):
 PSYoungGen      total 159744K, used 0K [0x00000000f5580000, 0x0000000100000000, 0x0000000100000000)
  eden space 144384K, 0% used [0x00000000f5580000,0x00000000f5580000,0x00000000fe280000)
  from space 15360K, 0% used [0x00000000ff100000,0x00000000ff100000,0x0000000100000000)
  to   space 14848K, 0% used [0x00000000fe280000,0x00000000fe280000,0x00000000ff100000)
 ParOldGen       total 175104K, used 16794K [0x00000000e0000000, 0x00000000eab00000, 0x00000000f5580000)
  object space 175104K, 9% used [0x00000000e0000000,0x00000000e10668c0,0x00000000eab00000)
 Metaspace       used 34483K, capacity 35426K, committed 35496K, reserved 1079296K
  class space    used 4697K, capacity 4976K, committed 5032K, reserved 1048576K
}
Event: 3.457 GC heap before
{Heap before GC invocations=9 (full 2):
 PSYoungGen      total 159744K, used 144384K [0x00000000f5580000, 0x0000000100000000, 0x0000000100000000)
  eden space 144384K, 100% used [0x00000000f5580000,0x00000000fe280000,0x00000000fe280000)
  from space 15360K, 0% used [0x00000000ff100000,0x00000000ff100000,0x0000000100000000)
  to   space 14848K, 0% used [0x00000000fe280000,0x00000000fe280000,0x00000000ff100000)
 ParOldGen       total 175104K, used 16794K [0x00000000e0000000, 0x00000000eab00000, 0x00000000f5580000)
  object space 175104K, 9% used [0x00000000e0000000,0x00000000e10668c0,0x00000000eab00000)
 Metaspace       used 45029K, capacity 46542K, committed 46760K, reserved 1089536K
  class space    used 6100K, capacity 6473K, committed 6568K, reserved 1048576K
Event: 3.466 GC heap after
Heap after GC invocations=9 (full 2):
 PSYoungGen      total 159232K, used 14818K [0x00000000f5580000, 0x0000000100000000, 0x0000000100000000)
  eden space 144384K, 0% used [0x00000000f5580000,0x00000000f5580000,0x00000000fe280000)
  from space 14848K, 99% used [0x00000000fe280000,0x00000000ff0f8a20,0x00000000ff100000)
  to   space 15360K, 0% used [0x00000000ff100000,0x00000000ff100000,0x0000000100000000)
 ParOldGen       total 175104K, used 17884K [0x00000000e0000000, 0x00000000eab00000, 0x00000000f5580000)
  object space 175104K, 10% used [0x00000000e0000000,0x00000000e1177138,0x00000000eab00000)
 Metaspace       used 45029K, capacity 46542K, committed 46760K, reserved 1089536K
  class space    used 6100K, capacity 6473K, committed 6568K, reserved 1048576K
}
Event: 4.410 GC heap before
{Heap before GC invocations=10 (full 2):
 PSYoungGen      total 159232K, used 159202K [0x00000000f5580000, 0x0000000100000000, 0x0000000100000000)
  eden space 144384K, 100% used [0x00000000f5580000,0x00000000fe280000,0x00000000fe280000)
  from space 14848K, 99% used [0x00000000fe280000,0x00000000ff0f8a20,0x00000000ff100000)
  to   space 15360K, 0% used [0x00000000ff100000,0x00000000ff100000,0x0000000100000000)
 ParOldGen       total 175104K, used 17884K [0x00000000e0000000, 0x00000000eab00000, 0x00000000f5580000)
  object space 175104K, 10% used [0x00000000e0000000,0x00000000e1177138,0x00000000eab00000)
 Metaspace       used 56943K, capacity 59034K, committed 59160K, reserved 1099776K
  class space    used 7788K, capacity 8279K, committed 8360K, reserved 1048576K
Event: 4.421 GC heap after
Heap after GC invocations=10 (full 2):
 PSYoungGen      total 145920K, used 15340K [0x00000000f5580000, 0x0000000100000000, 0x0000000100000000)
  eden space 130560K, 0% used [0x00000000f5580000,0x00000000f5580000,0x00000000fd500000)
  from space 15360K, 99% used [0x00000000ff100000,0x00000000ffffb330,0x0000000100000000)
  to   space 22016K, 0% used [0x00000000fd500000,0x00000000fd500000,0x00000000fea80000)
 ParOldGen       total 175104K, used 25598K [0x00000000e0000000, 0x00000000eab00000, 0x00000000f5580000)
  object space 175104K, 14% used [0x00000000e0000000,0x00000000e18ff930,0x00000000eab00000)
 Metaspace       used 56943K, capacity 59034K, committed 59160K, reserved 1099776K
  class space    used 7788K, capacity 8279K, committed 8360K, reserved 1048576K
}
Event: 4.421 GC heap before
{Heap before GC invocations=11 (full 3):
 PSYoungGen      total 145920K, used 15340K [0x00000000f5580000, 0x0000000100000000, 0x0000000100000000)
  eden space 130560K, 0% used [0x00000000f5580000,0x00000000f5580000,0x00000000fd500000)
  from space 15360K, 99% used [0x00000000ff100000,0x00000000ffffb330,0x0000000100000000)
  to   space 22016K, 0% used [0x00000000fd500000,0x00000000fd500000,0x00000000fea80000)
 ParOldGen       total 175104K, used 25598K [0x00000000e0000000, 0x00000000eab00000, 0x00000000f5580000)
  object space 175104K, 14% used [0x00000000e0000000,0x00000000e18ff930,0x00000000eab00000)
 Metaspace       used 56943K, capacity 59034K, committed 59160K, reserved 1099776K
  class space    used 7788K, capacity 8279K, committed 8360K, reserved 1048576K

Deoptimization events (10 events):
Event: 4.090 Thread 0x0000000018388000 Uncommon trap: reason=unstable_if action=reinterpret pc=0x00000000038d9494 method=org.gradle.internal.service.DefaultServiceRegistry$OwnServices.getService(Ljava/lang/reflect/Type;)Lorg/gradle/internal/service/Service; @ 27
Event: 4.238 Thread 0x0000000018388000 Uncommon trap: reason=unstable_if action=reinterpret pc=0x0000000002f535f4 method=java.lang.String.lastIndexOf([CII[CIII)I @ 118
Event: 4.279 Thread 0x0000000018388000 Uncommon trap: reason=unstable_if action=reinterpret pc=0x0000000003a72834 method=java.util.TreeMap.put(Ljava/lang/Object;Ljava/lang/Object;)Ljava/lang/Object; @ 163
Event: 4.281 Thread 0x0000000018388000 Uncommon trap: reason=unstable_if action=reinterpret pc=0x000000000376a278 method=java.lang.AbstractStringBuilder.append(I)Ljava/lang/AbstractStringBuilder; @ 16
Event: 4.281 Thread 0x0000000018388000 Uncommon trap: reason=unstable_if action=reinterpret pc=0x000000000373b248 method=java.lang.Integer.getChars(II[C)V @ 7
Event: 4.318 Thread 0x0000000018388000 Uncommon trap: reason=unstable_if action=reinterpret pc=0x000000000373ecb8 method=com.esotericsoftware.kryo.io.Input.require(I)I @ 65
Event: 4.340 Thread 0x0000000018388000 Uncommon trap: reason=speculate_class_check action=maybe_recompile pc=0x0000000003bba8a8 method=com.google.common.collect.AbstractIndexedListIterator.next()Ljava/lang/Object; @ 27
Event: 4.340 Thread 0x0000000018388000 Uncommon trap: reason=speculate_class_check action=maybe_recompile pc=0x0000000003bba8a8 method=com.google.common.collect.AbstractIndexedListIterator.next()Ljava/lang/Object; @ 27
Event: 4.340 Thread 0x0000000018388000 Uncommon trap: reason=speculate_class_check action=maybe_recompile pc=0x0000000003bba8a8 method=com.google.common.collect.AbstractIndexedListIterator.next()Ljava/lang/Object; @ 27
Event: 4.340 Thread 0x0000000018388000 Uncommon trap: reason=speculate_class_check action=maybe_recompile pc=0x0000000003bba8a8 method=com.google.common.collect.AbstractIndexedListIterator.next()Ljava/lang/Object; @ 27

Classes redefined (0 events):
No events

Internal exceptions (10 events):
Event: 4.198 Thread 0x0000000018388000 Exception <a 'java/lang/ClassNotFoundException': org/jetbrains/plugins/gradle/model/scala/ScalaModelCustomizer> (0x00000000fbf81358) thrown at [C:\src\AOSP-openjdk-git\hotspot\src\share\vm\classfile\systemDictionary.cpp, line 210]
Event: 4.308 Thread 0x0000000018383800 Exception <a 'java/lang/NoSuchMethodError': <clinit>> (0x00000000f57d41c0) thrown at [C:\src\AOSP-openjdk-git\hotspot\src\share\vm\prims\jni.cpp, line 1615]
Event: 4.362 Thread 0x0000000018383800 Exception <a 'java/lang/NoSuchMethodError': <clinit>> (0x00000000f57e2e40) thrown at [C:\src\AOSP-openjdk-git\hotspot\src\share\vm\prims\jni.cpp, line 1615]
Event: 4.362 Thread 0x0000000018383800 Exception <a 'java/lang/NoSuchMethodError': <clinit>> (0x00000000f57e5020) thrown at [C:\src\AOSP-openjdk-git\hotspot\src\share\vm\prims\jni.cpp, line 1615]
Event: 4.362 Thread 0x0000000018383800 Exception <a 'java/lang/NoSuchMethodError': <clinit>> (0x00000000f57f0b38) thrown at [C:\src\AOSP-openjdk-git\hotspot\src\share\vm\prims\jni.cpp, line 1615]
Event: 4.363 Thread 0x0000000018383800 Exception <a 'java/lang/NoSuchMethodError': <clinit>> (0x00000000f57ff338) thrown at [C:\src\AOSP-openjdk-git\hotspot\src\share\vm\prims\jni.cpp, line 1615]
Event: 4.375 Thread 0x0000000018383800 Exception <a 'java/lang/NoSuchMethodError': <clinit>> (0x00000000f5808700) thrown at [C:\src\AOSP-openjdk-git\hotspot\src\share\vm\prims\jni.cpp, line 1615]
Event: 4.376 Thread 0x0000000018383800 Exception <a 'java/lang/NoSuchMethodError': <clinit>> (0x00000000f581f120) thrown at [C:\src\AOSP-openjdk-git\hotspot\src\share\vm\prims\jni.cpp, line 1615]
Event: 4.376 Thread 0x0000000018383800 Exception <a 'java/lang/NoSuchMethodError': <clinit>> (0x00000000f5820c58) thrown at [C:\src\AOSP-openjdk-git\hotspot\src\share\vm\prims\jni.cpp, line 1615]
Event: 4.376 Thread 0x0000000018383800 Exception <a 'java/lang/NoSuchMethodError': <clinit>> (0x00000000f5822c80) thrown at [C:\src\AOSP-openjdk-git\hotspot\src\share\vm\prims\jni.cpp, line 1615]

Events (10 events):
Event: 4.409 loading class com/amazon/ion/IonStruct done
Event: 4.409 loading class com/amazon/ion/IonInt
Event: 4.409 loading class com/amazon/ion/IonInt done
Event: 4.409 loading class com/amazon/ion/IonNull
Event: 4.409 loading class com/amazon/ion/IonNull done
Event: 4.409 loading class com/amazon/ion/impl/lite/IonValueLite
Event: 4.409 loading class com/amazon/ion/impl/lite/IonValueLite done
Event: 4.409 loading class com/amazon/ion/impl/_Private_IonValue
Event: 4.409 loading class com/amazon/ion/impl/_Private_IonValue done
Event: 4.410 Executing VM operation: CollectForMetadataAllocation


Dynamic libraries:
0x00007ff6b9310000 - 0x00007ff6b9341000 	C:\Program Files (x86)\Android\Android Studio\jre\bin\java.exe
0x00007ff9e0350000 - 0x00007ff9e0546000 	C:\Windows\SYSTEM32\ntdll.dll
0x00007ff9df830000 - 0x00007ff9df8ed000 	C:\Windows\System32\KERNEL32.DLL
0x00007ff9ddc40000 - 0x00007ff9ddf08000 	C:\Windows\System32\KERNELBASE.dll
0x00007ff9df000000 - 0x00007ff9df0ac000 	C:\Windows\System32\ADVAPI32.dll
0x00007ff9def60000 - 0x00007ff9deffe000 	C:\Windows\System32\msvcrt.dll
0x00007ff9df8f0000 - 0x00007ff9df98b000 	C:\Windows\System32\sechost.dll
0x00007ff9dede0000 - 0x00007ff9def04000 	C:\Windows\System32\RPCRT4.dll
0x00007ff9df210000 - 0x00007ff9df3b0000 	C:\Windows\System32\USER32.dll
0x00007ff9ddf40000 - 0x00007ff9ddf62000 	C:\Windows\System32\win32u.dll
0x00007ff9dfd10000 - 0x00007ff9dfd3a000 	C:\Windows\System32\GDI32.dll
0x00007ff9ddff0000 - 0x00007ff9de0f9000 	C:\Windows\System32\gdi32full.dll
0x00007ff9de2b0000 - 0x00007ff9de34d000 	C:\Windows\System32\msvcp_win.dll
0x00007ff9ddb40000 - 0x00007ff9ddc40000 	C:\Windows\System32\ucrtbase.dll
0x00007ff9ce2d0000 - 0x00007ff9ce56b000 	C:\Windows\WinSxS\amd64_microsoft.windows.common-controls_6595b64144ccf1df_6.0.19041.488_none_ca04af081b815d21\COMCTL32.dll
0x00007ff9def30000 - 0x00007ff9def60000 	C:\Windows\System32\IMM32.DLL
0x0000000062cd0000 - 0x0000000062da2000 	C:\Program Files (x86)\Android\Android Studio\jre\jre\bin\msvcr100.dll
0x0000000063010000 - 0x000000006385b000 	C:\Program Files (x86)\Android\Android Studio\jre\jre\bin\server\jvm.dll
0x00007ff9df820000 - 0x00007ff9df828000 	C:\Windows\System32\PSAPI.DLL
0x00007ff9d4e90000 - 0x00007ff9d4eb7000 	C:\Windows\SYSTEM32\WINMM.dll
0x00007ff9d81c0000 - 0x00007ff9d81ca000 	C:\Windows\SYSTEM32\VERSION.dll
0x00007ff9d9960000 - 0x00007ff9d9969000 	C:\Windows\SYSTEM32\WSOCK32.dll
0x00007ff9dfb20000 - 0x00007ff9dfb8b000 	C:\Windows\System32\WS2_32.dll
0x00007ff9d9140000 - 0x00007ff9d914f000 	C:\Program Files (x86)\Android\Android Studio\jre\jre\bin\verify.dll
0x00007ff9ca230000 - 0x00007ff9ca259000 	C:\Program Files (x86)\Android\Android Studio\jre\jre\bin\java.dll
0x00007ff9d9120000 - 0x00007ff9d9136000 	C:\Program Files (x86)\Android\Android Studio\jre\jre\bin\zip.dll
0x00007ff9de3b0000 - 0x00007ff9deaf1000 	C:\Windows\System32\SHELL32.dll
0x00007ff9dbc00000 - 0x00007ff9dc395000 	C:\Windows\SYSTEM32\windows.storage.dll
0x00007ff9dfe70000 - 0x00007ff9e01c5000 	C:\Windows\System32\combase.dll
0x00007ff9dd500000 - 0x00007ff9dd52c000 	C:\Windows\SYSTEM32\Wldp.dll
0x00007ff9df0b0000 - 0x00007ff9df15e000 	C:\Windows\System32\SHCORE.dll
0x00007ff9dfe10000 - 0x00007ff9dfe65000 	C:\Windows\System32\shlwapi.dll
0x00007ff9dd9c0000 - 0x00007ff9dd9e6000 	C:\Windows\SYSTEM32\profapi.dll
0x00007ff9ca210000 - 0x00007ff9ca22a000 	C:\Program Files (x86)\Android\Android Studio\jre\jre\bin\net.dll
0x00007ff9dd280000 - 0x00007ff9dd2ea000 	C:\Windows\system32\mswsock.dll
0x00007ff9ca160000 - 0x00007ff9ca173000 	C:\Program Files (x86)\Android\Android Studio\jre\jre\bin\nio.dll
0x00007ff9b3020000 - 0x00007ff9b3046000 	C:\Users\Loyd\.gradle\native\31\windows-amd64\native-platform.dll
0x00007ff9ca150000 - 0x00007ff9ca15d000 	C:\Program Files (x86)\Android\Android Studio\jre\jre\bin\management.dll
0x00007ff9dd450000 - 0x00007ff9dd468000 	C:\Windows\SYSTEM32\CRYPTSP.dll
0x00007ff9dcba0000 - 0x00007ff9dcbd4000 	C:\Windows\system32\rsaenh.dll
0x00007ff9ddf10000 - 0x00007ff9ddf37000 	C:\Windows\System32\bcrypt.dll
0x00007ff9dd980000 - 0x00007ff9dd9ae000 	C:\Windows\SYSTEM32\USERENV.dll
0x00007ff9ddf70000 - 0x00007ff9ddfef000 	C:\Windows\System32\bcryptprimitives.dll
0x00007ff9dd470000 - 0x00007ff9dd47c000 	C:\Windows\SYSTEM32\CRYPTBASE.dll
0x00007ff9dcf20000 - 0x00007ff9dcf5b000 	C:\Windows\SYSTEM32\IPHLPAPI.DLL
0x00007ff9dfb90000 - 0x00007ff9dfb98000 	C:\Windows\System32\NSI.dll
0x00007ff9d85c0000 - 0x00007ff9d85d7000 	C:\Windows\SYSTEM32\dhcpcsvc6.DLL
0x00007ff9d8390000 - 0x00007ff9d83ad000 	C:\Windows\SYSTEM32\dhcpcsvc.DLL
0x00007ff9dcf70000 - 0x00007ff9dd03b000 	C:\Windows\SYSTEM32\DNSAPI.dll
0x00007ff9cd0f0000 - 0x00007ff9cd2d4000 	C:\Windows\SYSTEM32\dbghelp.dll

VM Arguments:
jvm_args: -XX:MaxMetaspaceSize=256m -XX:+HeapDumpOnOutOfMemoryError -Xms256m -Xmx512m -Dfile.encoding=windows-1252 -Duser.country=US -Duser.language=en -Duser.variant 
java_command: org.gradle.launcher.daemon.bootstrap.GradleDaemon 6.1.1
java_class_path (initial): C:\Users\Loyd\.gradle\wrapper\dists\gradle-6.1.1-all\cfmwm155h49vnt3hynmlrsdst\gradle-6.1.1\lib\gradle-launcher-6.1.1.jar
Launcher Type: SUN_STANDARD

Environment Variables:
PATH=C:\Program Files (x86)\Common Files\Intel\Shared Libraries\redist\intel64\compiler;C:\Program Files (x86)\Common Files\Oracle\Java\javapath;C:\Windows\system32;C:\Windows;C:\Windows\System32\Wbem;C:\Windows\System32\WindowsPowerShell\v1.0\;C:\Windows\System32\OpenSSH\;C:\Program Files (x86)\Git\cmd;C:\Program Files (x86)\NVIDIA Corporation\PhysX\Common;C:\Program Files (x86)\Microsoft VS Code\bin;C:\ProgramData\chocolatey\bin;C:\Program Files (x86)\Yarn\bin\;C:\Program Files\nodejs\;C:\Users\Loyd\AppData\Local\Microsoft\WindowsApps;C:\Users\Loyd\AppData\Local\Yarn\bin;C:\Program Files (x86)\platform-tools;
USERNAME=Loyd
OS=Windows_NT
PROCESSOR_IDENTIFIER=Intel64 Family 6 Model 158 Stepping 10, GenuineIntel



---------------  S Y S T E M  ---------------

OS: Windows 10.0 , 64 bit Build 19041 (10.0.19041.546)

CPU:total 6 (initial active 6) (6 cores per cpu, 1 threads per core) family 6 model 158 stepping 10, cmov, cx8, fxsr, mmx, sse, sse2, sse3, ssse3, sse4.1, sse4.2, popcnt, avx, avx2, aes, clmul, erms, 3dnowpref, lzcnt, tsc, tscinvbit, bmi1, bmi2, adx

Memory: 4k page, physical 33485032k(24837124k free), swap 39495912k(27812732k free)

vm_info: OpenJDK 64-Bit Server VM (25.242-b01) for windows-amd64 JRE (1.8.0_242-release-1644-b01), built by "builder" with MS VC++ 10.0 (VS2010)

time: Sun Nov 15 16:30:40 2020
timezone: China Standard Time
elapsed time: 4 seconds (0d 0h 0m 4s)

