#
# A fatal error has been detected by the Java Runtime Environment:
#
#  EXCEPTION_ACCESS_VIOLATION (0xc0000005) at pc=0x000000006309b7b0, pid=14964, tid=0x00000000000036dc
#
# JRE version: OpenJDK Runtime Environment (8.0_242-b01) (build 1.8.0_242-release-1644-b01)
# Java VM: OpenJDK 64-Bit Server VM (25.242-b01 mixed mode windows-amd64 compressed oops)
# Problematic frame:
# V  [jvm.dll+0x8b7b0]
#
# Failed to write core dump. Minidumps are not enabled by default on client versions of Windows
#
# If you would like to submit a bug report, please visit:
#   
#

---------------  T H R E A D  ---------------

Current thread (0x000000000291a800):  GCTaskThread [stack: 0x0000000012180000,0x0000000012280000] [id=14044]

siginfo: ExceptionCode=0xc0000005, reading address 0x0000000000000200

Registers:
RAX=0x0000000000000001, RBX=0x00000000f960b368, RCX=0x00000000f960b368, RDX=0x00000000000001f8
RSP=0x000000001227f5e8, RBP=0x0000000000000000, RSI=0x00000000140244c0, RDI=0x00000000140244c0
R8 =0x00000000140244c0, R9 =0x0000000000000007, R10=0x0000000000000008, R11=0x00000000fa184000
R12=0x00000000636001f0, R13=0x0000000000000009, R14=0x0000000000000000, R15=0x000000000291ae00
RIP=0x000000006309b7b0, EFLAGS=0x0000000000010202

Top of Stack: (sp=0x000000001227f5e8)
0x000000001227f5e8:   00000000633e27b2 00000000f960b350
0x000000001227f5f8:   0000000000000003 00000000140244c0
0x000000001227f608:   000000006362ddd0 00000000fa17c010
0x000000001227f618:   00000000633e2efb 00000000f55986e0
0x000000001227f628:   00000000140244c0 0000000000000000
0x000000001227f638:   0000000002913600 00000000636001f0
0x000000001227f648:   00000000633e2b20 00000000fa1819f4
0x000000001227f658:   0000000000000000 00000000140244c0
0x000000001227f668:   00000000140244c0 00000000fa1819f4
0x000000001227f678:   00000000633e36c5 00000000f7ef9ae0
0x000000001227f688:   0000000000000000 00000000140244c0
0x000000001227f698:   0000000016c8e360 0000000000000000
0x000000001227f6a8:   0000000000000c00 0000000000000000
0x000000001227f6b8:   0000000000000000 000000000291ad00
0x000000001227f6c8:   00000000027fe000 0000000063600101
0x000000001227f6d8:   0000000063203001 0000bb38bd27350c 

Instructions: (pc=0x000000006309b7b0)
0x000000006309b790:   1c 8f 1d 00 48 8b 9c 24 c0 00 00 00 48 81 c4 b0
0x000000006309b7a0:   00 00 00 5d c3 cc cc cc cc cc cc cc cc cc cc cc
0x000000006309b7b0:   44 8b 42 08 4c 8b ca 45 85 c0 7e 0e 41 f6 c0 01
0x000000006309b7c0:   75 57 41 c1 f8 03 41 8b c0 c3 79 4d 80 3d 7e 97 


Register to memory mapping:

RAX=0x0000000000000001 is an unknown value
RBX=0x00000000f960b368 is an oop

[error occurred during error reporting (printing register info), id 0xc0000005]

Stack: [0x0000000012180000,0x0000000012280000],  sp=0x000000001227f5e8,  free space=1021k
Native frames: (J=compiled Java code, j=interpreted, Vv=VM code, C=native code)


---------------  P R O C E S S  ---------------

Java Threads: ( => current thread )
  0x0000000018265800 JavaThread "File lock request listener" [_thread_blocked, id=3368, stack(0x000000001a2f0000,0x000000001a3f0000)]
  0x000000001821c000 JavaThread "Cache worker for journal cache (C:\Users\Loyd\.gradle\caches\journal-1)" [_thread_blocked, id=11076, stack(0x000000001a1f0000,0x000000001a2f0000)]
  0x00000000181bb800 JavaThread "Thread-9" [_thread_blocked, id=14796, stack(0x0000000019ef0000,0x0000000019ff0000)]
  0x00000000181ba800 JavaThread "Stdin handler" [_thread_blocked, id=6696, stack(0x0000000019df0000,0x0000000019ef0000)]
  0x00000000181ba000 JavaThread "Asynchronous log dispatcher for DefaultDaemonConnection: socket connection from /127.0.0.1:14177 to /127.0.0.1:14178" [_thread_blocked, id=10352, stack(0x0000000019cf0000,0x0000000019df0000)]
  0x00000000181a9800 JavaThread "Daemon worker" [_thread_blocked, id=1384, stack(0x0000000019bf0000,0x0000000019cf0000)]
  0x00000000181b5000 JavaThread "Cancel handler" [_thread_blocked, id=5952, stack(0x0000000019af0000,0x0000000019bf0000)]
  0x000000001815f000 JavaThread "Handler for socket connection from /127.0.0.1:14177 to /127.0.0.1:14178" [_thread_in_native, id=2920, stack(0x00000000197f0000,0x00000000198f0000)]
  0x00000000180fb800 JavaThread "Daemon" [_thread_blocked, id=14648, stack(0x00000000196f0000,0x00000000197f0000)]
  0x0000000018104800 JavaThread "Daemon periodic checks" [_thread_blocked, id=2196, stack(0x00000000195f0000,0x00000000196f0000)]
  0x00000000180d7000 JavaThread "Incoming local TCP Connector on port 14177" [_thread_in_native, id=12872, stack(0x00000000193b0000,0x00000000194b0000)]
  0x000000001801b000 JavaThread "Daemon health stats" [_thread_blocked, id=14992, stack(0x0000000018d70000,0x0000000018e70000)]
  0x0000000016045000 JavaThread "Service Thread" daemon [_thread_blocked, id=1392, stack(0x00000000163d0000,0x00000000164d0000)]
  0x0000000014076800 JavaThread "C1 CompilerThread2" daemon [_thread_blocked, id=14888, stack(0x0000000015ed0000,0x0000000015fd0000)]
  0x0000000014070000 JavaThread "C2 CompilerThread1" daemon [_thread_blocked, id=8140, stack(0x0000000015dd0000,0x0000000015ed0000)]
  0x000000001406d800 JavaThread "C2 CompilerThread0" daemon [_thread_blocked, id=12248, stack(0x0000000015cd0000,0x0000000015dd0000)]
  0x0000000014069000 JavaThread "Attach Listener" daemon [_thread_blocked, id=4924, stack(0x0000000015bd0000,0x0000000015cd0000)]
  0x0000000014065000 JavaThread "Signal Dispatcher" daemon [_thread_blocked, id=5328, stack(0x0000000015ad0000,0x0000000015bd0000)]
  0x00000000029fc000 JavaThread "Finalizer" daemon [_thread_blocked, id=3436, stack(0x00000000158d0000,0x00000000159d0000)]
  0x000000001404b000 JavaThread "Reference Handler" daemon [_thread_blocked, id=8852, stack(0x00000000157d0000,0x00000000158d0000)]
  0x00000000027fe000 JavaThread "main" [_thread_blocked, id=6532, stack(0x0000000002800000,0x0000000002900000)]

Other Threads:
  0x0000000014027000 VMThread [stack: 0x00000000156d0000,0x00000000157d0000] [id=12468]
  0x000000001407e800 WatcherThread [stack: 0x00000000164d0000,0x00000000165d0000] [id=13860]

=>0x000000000291a800 (exited) GCTaskThread [stack: 0x0000000012180000,0x0000000012280000] [id=14044]

VM state:at safepoint (normal execution)

VM Mutex/Monitor currently owned by a thread:  ([mutex/lock_event])
[0x00000000027fd610] Threads_lock - owner thread: 0x0000000014027000
[0x00000000027fd090] Heap_lock - owner thread: 0x00000000181a9800

heap address: 0x00000000e0000000, size: 512 MB, Compressed Oops mode: 32-bit
Narrow klass base: 0x0000000000000000, Narrow klass shift: 3
Compressed class space size: 1073741824 Address: 0x0000000100000000

Heap:
 PSYoungGen      total 76288K, used 71219K [0x00000000f5580000, 0x00000000faa80000, 0x0000000100000000)
  eden space 65536K, 100% used [0x00000000f5580000,0x00000000f9580000,0x00000000f9580000)
  from space 10752K, 52% used [0x00000000f9580000,0x00000000f9b0cfe0,0x00000000fa000000)
  to   space 10752K, 45% used [0x00000000fa000000,0x00000000fa4c0020,0x00000000faa80000)
 ParOldGen       total 175104K, used 24K [0x00000000e0000000, 0x00000000eab00000, 0x00000000f5580000)
  object space 175104K, 0% used [0x00000000e0000000,0x00000000e0006000,0x00000000eab00000)
 Metaspace       used 14821K, capacity 15236K, committed 15488K, reserved 1062912K
  class space    used 1957K, capacity 2090K, committed 2176K, reserved 1048576K

Card table byte_map: [0x0000000011dc0000,0x0000000011ed0000] byte_map_base: 0x00000000116c0000

Marking Bits: (ParMarkBitMap*) 0x00000000637df030
 Begin Bits: [0x0000000012580000, 0x0000000012d80000)
 End Bits:   [0x0000000012d80000, 0x0000000013580000)

Polling page: 0x0000000001140000

CodeCache: size=245760Kb used=5233Kb max_used=5236Kb free=240526Kb
 bounds [0x0000000002a00000, 0x0000000002f20000, 0x0000000011a00000]
 total_blobs=1851 nmethods=1463 adapters=301
 compilation: enabled

Compilation events (10 events):
Event: 1.155 Thread 0x0000000014076800 nmethod 1460 0x0000000002f1c810 code [0x0000000002f1ca80, 0x0000000002f1dea8]
Event: 1.155 Thread 0x0000000014076800 1461       3       org.gradle.internal.file.DefaultFileHierarchySet$Node::sizeOfCommonPrefix (10 bytes)
Event: 1.155 Thread 0x0000000014076800 nmethod 1461 0x0000000002f1c350 code [0x0000000002f1c4c0, 0x0000000002f1c6a8]
Event: 1.155 Thread 0x0000000014076800 1462       3       org.gradle.api.file.internal.FilePathUtil::sizeOfCommonPrefix (10 bytes)
Event: 1.155 Thread 0x0000000014076800 nmethod 1462 0x0000000002f18a50 code [0x0000000002f18bc0, 0x0000000002f18d28]
Event: 1.155 Thread 0x0000000014076800 1463       1       com.google.common.collect.RegularImmutableList::size (5 bytes)
Event: 1.155 Thread 0x0000000014076800 nmethod 1463 0x0000000002f18790 code [0x0000000002f188e0, 0x0000000002f189f0]
Event: 1.163 Thread 0x000000001406d800 1464       4       java.util.jar.JarFile::maybeInstantiateVerifier (96 bytes)
Event: 1.163 Thread 0x0000000014076800 1465       1       java.util.concurrent.locks.AbstractOwnableSynchronizer::getExclusiveOwnerThread (5 bytes)
Event: 1.163 Thread 0x0000000014076800 nmethod 1465 0x0000000002f184d0 code [0x0000000002f18620, 0x0000000002f18730]

GC Heap History (3 events):
Event: 0.646 GC heap before
{Heap before GC invocations=1 (full 0):
 PSYoungGen      total 76288K, used 65536K [0x00000000f5580000, 0x00000000faa80000, 0x0000000100000000)
  eden space 65536K, 100% used [0x00000000f5580000,0x00000000f9580000,0x00000000f9580000)
  from space 10752K, 0% used [0x00000000fa000000,0x00000000fa000000,0x00000000faa80000)
  to   space 10752K, 0% used [0x00000000f9580000,0x00000000f9580000,0x00000000fa000000)
 ParOldGen       total 175104K, used 0K [0x00000000e0000000, 0x00000000eab00000, 0x00000000f5580000)
  object space 175104K, 0% used [0x00000000e0000000,0x00000000e0000000,0x00000000eab00000)
 Metaspace       used 7398K, capacity 7584K, committed 7680K, reserved 1056768K
  class space    used 905K, capacity 976K, committed 1024K, reserved 1048576K
Event: 0.650 GC heap after
Heap after GC invocations=1 (full 0):
 PSYoungGen      total 76288K, used 5683K [0x00000000f5580000, 0x00000000faa80000, 0x0000000100000000)
  eden space 65536K, 0% used [0x00000000f5580000,0x00000000f5580000,0x00000000f9580000)
  from space 10752K, 52% used [0x00000000f9580000,0x00000000f9b0cfe0,0x00000000fa000000)
  to   space 10752K, 0% used [0x00000000fa000000,0x00000000fa000000,0x00000000faa80000)
 ParOldGen       total 175104K, used 16K [0x00000000e0000000, 0x00000000eab00000, 0x00000000f5580000)
  object space 175104K, 0% used [0x00000000e0000000,0x00000000e0004000,0x00000000eab00000)
 Metaspace       used 7398K, capacity 7584K, committed 7680K, reserved 1056768K
  class space    used 905K, capacity 976K, committed 1024K, reserved 1048576K
}
Event: 1.164 GC heap before
{Heap before GC invocations=2 (full 0):
 PSYoungGen      total 76288K, used 71219K [0x00000000f5580000, 0x00000000faa80000, 0x0000000100000000)
  eden space 65536K, 100% used [0x00000000f5580000,0x00000000f9580000,0x00000000f9580000)
  from space 10752K, 52% used [0x00000000f9580000,0x00000000f9b0cfe0,0x00000000fa000000)
  to   space 10752K, 0% used [0x00000000fa000000,0x00000000fa000000,0x00000000faa80000)
 ParOldGen       total 175104K, used 16K [0x00000000e0000000, 0x00000000eab00000, 0x00000000f5580000)
  object space 175104K, 0% used [0x00000000e0000000,0x00000000e0004000,0x00000000eab00000)
 Metaspace       used 14821K, capacity 15236K, committed 15488K, reserved 1062912K
  class space    used 1957K, capacity 2090K, committed 2176K, reserved 1048576K

Deoptimization events (10 events):
Event: 0.853 Thread 0x00000000027fe000 Uncommon trap: reason=unstable_if action=reinterpret pc=0x0000000002d29c84 method=java.io.WinNTFileSystem.normalize(Ljava/lang/String;)Ljava/lang/String; @ 128
Event: 0.984 Thread 0x000000001815f000 Uncommon trap: reason=unstable_if action=reinterpret pc=0x0000000002dfb528 method=java.util.concurrent.ConcurrentHashMap.putVal(Ljava/lang/Object;Ljava/lang/Object;Z)Ljava/lang/Object; @ 206
Event: 0.994 Thread 0x000000001815f000 Uncommon trap: reason=unstable_if action=reinterpret pc=0x0000000002d13ccc method=java.lang.String.substring(I)Ljava/lang/String; @ 35
Event: 1.014 Thread 0x00000000181a9800 Uncommon trap: reason=bimorphic action=maybe_recompile pc=0x0000000002cd4560 method=java.util.HashMap.putVal(ILjava/lang/Object;Ljava/lang/Object;ZZ)Ljava/lang/Object; @ 253
Event: 1.014 Thread 0x00000000181a9800 Uncommon trap: reason=bimorphic action=maybe_recompile pc=0x0000000002cd4560 method=java.util.HashMap.putVal(ILjava/lang/Object;Ljava/lang/Object;ZZ)Ljava/lang/Object; @ 253
Event: 1.014 Thread 0x00000000181a9800 Uncommon trap: reason=bimorphic action=maybe_recompile pc=0x0000000002cd4560 method=java.util.HashMap.putVal(ILjava/lang/Object;Ljava/lang/Object;ZZ)Ljava/lang/Object; @ 253
Event: 1.124 Thread 0x00000000181a9800 Uncommon trap: reason=class_check action=maybe_recompile pc=0x0000000002d19e98 method=java.util.regex.Matcher.match(II)Z @ 86
Event: 1.124 Thread 0x00000000181a9800 Uncommon trap: reason=class_check action=maybe_recompile pc=0x0000000002d19e98 method=java.util.regex.Matcher.match(II)Z @ 86
Event: 1.125 Thread 0x00000000181a9800 Uncommon trap: reason=class_check action=maybe_recompile pc=0x0000000002d19e98 method=java.util.regex.Matcher.match(II)Z @ 86
Event: 1.125 Thread 0x00000000181a9800 Uncommon trap: reason=class_check action=maybe_recompile pc=0x0000000002bb979c method=java.util.regex.Matcher.match(II)Z @ 86

Classes redefined (0 events):
No events

Internal exceptions (10 events):
Event: 0.987 Thread 0x000000001815f000 Exception <a 'java/lang/NoSuchMethodError': <clinit>> (0x00000000f7613e20) thrown at [C:\src\AOSP-openjdk-git\hotspot\src\share\vm\prims\jni.cpp, line 1615]
Event: 0.988 Thread 0x000000001815f000 Exception <a 'java/lang/NoSuchMethodError': <clinit>> (0x00000000f7626858) thrown at [C:\src\AOSP-openjdk-git\hotspot\src\share\vm\prims\jni.cpp, line 1615]
Event: 0.990 Thread 0x000000001815f000 Exception <a 'java/lang/NoSuchMethodError': <clinit>> (0x00000000f764d5b0) thrown at [C:\src\AOSP-openjdk-git\hotspot\src\share\vm\prims\jni.cpp, line 1615]
Event: 0.992 Thread 0x000000001815f000 Exception <a 'java/lang/NoSuchMethodError': <clinit>> (0x00000000f76651b0) thrown at [C:\src\AOSP-openjdk-git\hotspot\src\share\vm\prims\jni.cpp, line 1615]
Event: 0.992 Thread 0x000000001815f000 Exception <a 'java/lang/NoSuchMethodError': <clinit>> (0x00000000f766dd50) thrown at [C:\src\AOSP-openjdk-git\hotspot\src\share\vm\prims\jni.cpp, line 1615]
Event: 0.993 Thread 0x000000001815f000 Exception <a 'java/lang/NoSuchMethodError': <clinit>> (0x00000000f7684120) thrown at [C:\src\AOSP-openjdk-git\hotspot\src\share\vm\prims\jni.cpp, line 1615]
Event: 0.997 Thread 0x000000001815f000 Exception <a 'java/lang/NoSuchMethodError': <clinit>> (0x00000000f76de9f8) thrown at [C:\src\AOSP-openjdk-git\hotspot\src\share\vm\prims\jni.cpp, line 1615]
Event: 0.999 Thread 0x000000001815f000 Exception <a 'java/lang/NoSuchMethodError': <clinit>> (0x00000000f770b3c8) thrown at [C:\src\AOSP-openjdk-git\hotspot\src\share\vm\prims\jni.cpp, line 1615]
Event: 1.001 Thread 0x000000001815f000 Exception <a 'java/lang/NoSuchMethodError': <clinit>> (0x00000000f7738590) thrown at [C:\src\AOSP-openjdk-git\hotspot\src\share\vm\prims\jni.cpp, line 1615]
Event: 1.001 Thread 0x000000001815f000 Exception <a 'java/lang/NoSuchMethodError': <clinit>> (0x00000000f7743618) thrown at [C:\src\AOSP-openjdk-git\hotspot\src\share\vm\prims\jni.cpp, line 1615]

Events (10 events):
Event: 1.162 loading class org/gradle/internal/Factories
Event: 1.162 loading class org/gradle/internal/Factories done
Event: 1.163 loading class org/gradle/internal/Factories$1
Event: 1.163 loading class org/gradle/internal/Factories$1 done
Event: 1.163 loading class org/gradle/cache/internal/locklistener/DefaultFileLockContentionHandler$1
Event: 1.163 loading class org/gradle/cache/internal/locklistener/DefaultFileLockContentionHandler$1 done
Event: 1.163 Thread 0x0000000018265800 Thread added: 0x0000000018265800
Event: 1.164 loading class org/gradle/cache/internal/locklistener/DefaultFileLockContentionHandler$ContendedAction
Event: 1.164 loading class org/gradle/cache/internal/locklistener/DefaultFileLockContentionHandler$ContendedAction done
Event: 1.164 Executing VM operation: ParallelGCFailedAllocation


Dynamic libraries:
0x00007ff6b9310000 - 0x00007ff6b9341000 	C:\Program Files (x86)\Android\Android Studio\jre\bin\java.exe
0x00007ff9e0350000 - 0x00007ff9e0546000 	C:\Windows\SYSTEM32\ntdll.dll
0x00007ff9df830000 - 0x00007ff9df8ed000 	C:\Windows\System32\KERNEL32.DLL
0x00007ff9ddc40000 - 0x00007ff9ddf08000 	C:\Windows\System32\KERNELBASE.dll
0x00007ff9df000000 - 0x00007ff9df0ac000 	C:\Windows\System32\ADVAPI32.dll
0x00007ff9def60000 - 0x00007ff9deffe000 	C:\Windows\System32\msvcrt.dll
0x00007ff9df8f0000 - 0x00007ff9df98b000 	C:\Windows\System32\sechost.dll
0x00007ff9dede0000 - 0x00007ff9def04000 	C:\Windows\System32\RPCRT4.dll
0x00007ff9df210000 - 0x00007ff9df3b0000 	C:\Windows\System32\USER32.dll
0x00007ff9ddf40000 - 0x00007ff9ddf62000 	C:\Windows\System32\win32u.dll
0x00007ff9dfd10000 - 0x00007ff9dfd3a000 	C:\Windows\System32\GDI32.dll
0x00007ff9ddff0000 - 0x00007ff9de0f9000 	C:\Windows\System32\gdi32full.dll
0x00007ff9de2b0000 - 0x00007ff9de34d000 	C:\Windows\System32\msvcp_win.dll
0x00007ff9ddb40000 - 0x00007ff9ddc40000 	C:\Windows\System32\ucrtbase.dll
0x00007ff9ce2d0000 - 0x00007ff9ce56b000 	C:\Windows\WinSxS\amd64_microsoft.windows.common-controls_6595b64144ccf1df_6.0.19041.488_none_ca04af081b815d21\COMCTL32.dll
0x00007ff9def30000 - 0x00007ff9def60000 	C:\Windows\System32\IMM32.DLL
0x0000000062cd0000 - 0x0000000062da2000 	C:\Program Files (x86)\Android\Android Studio\jre\jre\bin\msvcr100.dll
0x0000000063010000 - 0x000000006385b000 	C:\Program Files (x86)\Android\Android Studio\jre\jre\bin\server\jvm.dll
0x00007ff9df820000 - 0x00007ff9df828000 	C:\Windows\System32\PSAPI.DLL
0x00007ff9d4e90000 - 0x00007ff9d4eb7000 	C:\Windows\SYSTEM32\WINMM.dll
0x00007ff9d81c0000 - 0x00007ff9d81ca000 	C:\Windows\SYSTEM32\VERSION.dll
0x00007ff9d9960000 - 0x00007ff9d9969000 	C:\Windows\SYSTEM32\WSOCK32.dll
0x00007ff9dfb20000 - 0x00007ff9dfb8b000 	C:\Windows\System32\WS2_32.dll
0x00007ff9d9140000 - 0x00007ff9d914f000 	C:\Program Files (x86)\Android\Android Studio\jre\jre\bin\verify.dll
0x00007ff9ca230000 - 0x00007ff9ca259000 	C:\Program Files (x86)\Android\Android Studio\jre\jre\bin\java.dll
0x00007ff9d9120000 - 0x00007ff9d9136000 	C:\Program Files (x86)\Android\Android Studio\jre\jre\bin\zip.dll
0x00007ff9de3b0000 - 0x00007ff9deaf1000 	C:\Windows\System32\SHELL32.dll
0x00007ff9dbc00000 - 0x00007ff9dc395000 	C:\Windows\SYSTEM32\windows.storage.dll
0x00007ff9dfe70000 - 0x00007ff9e01c5000 	C:\Windows\System32\combase.dll
0x00007ff9dd500000 - 0x00007ff9dd52c000 	C:\Windows\SYSTEM32\Wldp.dll
0x00007ff9df0b0000 - 0x00007ff9df15e000 	C:\Windows\System32\SHCORE.dll
0x00007ff9dfe10000 - 0x00007ff9dfe65000 	C:\Windows\System32\shlwapi.dll
0x00007ff9dd9c0000 - 0x00007ff9dd9e6000 	C:\Windows\SYSTEM32\profapi.dll
0x00007ff9ca210000 - 0x00007ff9ca22a000 	C:\Program Files (x86)\Android\Android Studio\jre\jre\bin\net.dll
0x00007ff9dd280000 - 0x00007ff9dd2ea000 	C:\Windows\system32\mswsock.dll
0x00007ff9ca160000 - 0x00007ff9ca173000 	C:\Program Files (x86)\Android\Android Studio\jre\jre\bin\nio.dll
0x00007ff9b3020000 - 0x00007ff9b3046000 	C:\Users\Loyd\.gradle\native\31\windows-amd64\native-platform.dll
0x00007ff9ca150000 - 0x00007ff9ca15d000 	C:\Program Files (x86)\Android\Android Studio\jre\jre\bin\management.dll
0x00007ff9dd450000 - 0x00007ff9dd468000 	C:\Windows\SYSTEM32\CRYPTSP.dll
0x00007ff9dcba0000 - 0x00007ff9dcbd4000 	C:\Windows\system32\rsaenh.dll
0x00007ff9ddf10000 - 0x00007ff9ddf37000 	C:\Windows\System32\bcrypt.dll
0x00007ff9dd980000 - 0x00007ff9dd9ae000 	C:\Windows\SYSTEM32\USERENV.dll
0x00007ff9ddf70000 - 0x00007ff9ddfef000 	C:\Windows\System32\bcryptprimitives.dll
0x00007ff9dd470000 - 0x00007ff9dd47c000 	C:\Windows\SYSTEM32\CRYPTBASE.dll
0x00007ff9dcf20000 - 0x00007ff9dcf5b000 	C:\Windows\SYSTEM32\IPHLPAPI.DLL
0x00007ff9dfb90000 - 0x00007ff9dfb98000 	C:\Windows\System32\NSI.dll
0x00007ff9d85c0000 - 0x00007ff9d85d7000 	C:\Windows\SYSTEM32\dhcpcsvc6.DLL
0x00007ff9d8390000 - 0x00007ff9d83ad000 	C:\Windows\SYSTEM32\dhcpcsvc.DLL
0x00007ff9dcf70000 - 0x00007ff9dd03b000 	C:\Windows\SYSTEM32\DNSAPI.dll
0x00007ff9cd0f0000 - 0x00007ff9cd2d4000 	C:\Windows\SYSTEM32\dbghelp.dll

VM Arguments:
jvm_args: -XX:MaxMetaspaceSize=256m -XX:+HeapDumpOnOutOfMemoryError -Xms256m -Xmx512m -Dfile.encoding=windows-1252 -Duser.country=US -Duser.language=en -Duser.variant 
java_command: org.gradle.launcher.daemon.bootstrap.GradleDaemon 6.1.1
java_class_path (initial): C:\Users\Loyd\.gradle\wrapper\dists\gradle-6.1.1-all\cfmwm155h49vnt3hynmlrsdst\gradle-6.1.1\lib\gradle-launcher-6.1.1.jar
Launcher Type: SUN_STANDARD

Environment Variables:
PATH=C:\Program Files (x86)\Common Files\Intel\Shared Libraries\redist\intel64\compiler;C:\Program Files (x86)\Common Files\Oracle\Java\javapath;C:\Windows\system32;C:\Windows;C:\Windows\System32\Wbem;C:\Windows\System32\WindowsPowerShell\v1.0\;C:\Windows\System32\OpenSSH\;C:\Program Files (x86)\Git\cmd;C:\Program Files (x86)\NVIDIA Corporation\PhysX\Common;C:\Program Files (x86)\Microsoft VS Code\bin;C:\ProgramData\chocolatey\bin;C:\Program Files (x86)\Yarn\bin\;C:\Program Files\nodejs\;C:\Users\Loyd\AppData\Local\Microsoft\WindowsApps;C:\Users\Loyd\AppData\Local\Yarn\bin;C:\Program Files (x86)\platform-tools;
USERNAME=Loyd
OS=Windows_NT
PROCESSOR_IDENTIFIER=Intel64 Family 6 Model 158 Stepping 10, GenuineIntel



---------------  S Y S T E M  ---------------

OS: Windows 10.0 , 64 bit Build 19041 (10.0.19041.546)

CPU:total 6 (initial active 6) (6 cores per cpu, 1 threads per core) family 6 model 158 stepping 10, cmov, cx8, fxsr, mmx, sse, sse2, sse3, ssse3, sse4.1, sse4.2, popcnt, avx, avx2, aes, clmul, erms, 3dnowpref, lzcnt, tsc, tscinvbit, bmi1, bmi2, adx

Memory: 4k page, physical 33485032k(25182056k free), swap 39495912k(28081236k free)

vm_info: OpenJDK 64-Bit Server VM (25.242-b01) for windows-amd64 JRE (1.8.0_242-release-1644-b01), built by "builder" with MS VC++ 10.0 (VS2010)

time: Sun Nov 15 16:30:08 2020
timezone: China Standard Time
elapsed time: 1 seconds (0d 0h 0m 1s)

