#
# A fatal error has been detected by the Java Runtime Environment:
#
#  EXCEPTION_ACCESS_VIOLATION (0xc0000005) at pc=0x000000006309b7b0, pid=14860, tid=0x0000000000003304
#
# JRE version: OpenJDK Runtime Environment (8.0_242-b01) (build 1.8.0_242-release-1644-b01)
# Java VM: OpenJDK 64-Bit Server VM (25.242-b01 mixed mode windows-amd64 compressed oops)
# Problematic frame:
# V  [jvm.dll+0x8b7b0]
#
# Failed to write core dump. Minidumps are not enabled by default on client versions of Windows
#
# If you would like to submit a bug report, please visit:
#   
#

---------------  T H R E A D  ---------------

Current thread (0x000000000263e800):  GCTaskThread [stack: 0x0000000011ff0000,0x00000000120f0000] [id=13060]

siginfo: ExceptionCode=0xc0000005, reading address 0x0000000000001618

Registers:
RAX=0x0000000000000001, RBX=0x00000000fa1df268, RCX=0x00000000fa1df268, RDX=0x0000000000001610
RSP=0x00000000120ef8a8, RBP=0x0000000000000000, RSI=0x0000000013c94700, RDI=0x0000000013c94700
R8 =0x0000000013c94700, R9 =0x0000000000000006, R10=0x0000000000000008, R11=0x00000000f9758000
R12=0x00000000636001f0, R13=0x0000000000000011, R14=0x0000000000000000, R15=0x000000000263eb20
RIP=0x000000006309b7b0, EFLAGS=0x0000000000010202

Top of Stack: (sp=0x00000000120ef8a8)
0x00000000120ef8a8:   00000000633e27b2 00000000fa1df248
0x00000000120ef8b8:   0000000000000004 0000000013c94700
0x00000000120ef8c8:   00000000633e2205 00000000f9750010
0x00000000120ef8d8:   00000000633e2efb 0000000000000011
0x00000000120ef8e8:   000000006362db78 0000000000000000
0x00000000120ef8f8:   0000000002633000 00000000636001f0
0x00000000120ef908:   00000000633e2b20 00000000f9754108
0x00000000120ef918:   0000000000000000 0000000013c94700
0x00000000120ef928:   0000000013c94700 00000000f9754108
0x00000000120ef938:   00000000633e36c5 00000000f8650f50
0x00000000120ef948:   0000000000000000 0000000013c94700
0x00000000120ef958:   00000000633e5486 00000000637d4388
0x00000000120ef968:   0000000000000c00 0000000000000000
0x00000000120ef978:   0000000000000000 000000000263eb00
0x00000000120ef988:   0000000018162000 000000006362db01
0x00000000120ef998:   0000000063203001 0000bb38f18f3058 

Instructions: (pc=0x000000006309b7b0)
0x000000006309b790:   1c 8f 1d 00 48 8b 9c 24 c0 00 00 00 48 81 c4 b0
0x000000006309b7a0:   00 00 00 5d c3 cc cc cc cc cc cc cc cc cc cc cc
0x000000006309b7b0:   44 8b 42 08 4c 8b ca 45 85 c0 7e 0e 41 f6 c0 01
0x000000006309b7c0:   75 57 41 c1 f8 03 41 8b c0 c3 79 4d 80 3d 7e 97 


Register to memory mapping:

RAX=0x0000000000000001 is an unknown value
RBX=0x00000000fa1df268 is an oop

[error occurred during error reporting (printing register info), id 0xc0000005]

Stack: [0x0000000011ff0000,0x00000000120f0000],  sp=0x00000000120ef8a8,  free space=1022k
Native frames: (J=compiled Java code, j=interpreted, Vv=VM code, C=native code)


---------------  P R O C E S S  ---------------

Java Threads: ( => current thread )
  0x0000000018163000 JavaThread "Cache worker for file hash cache (D:\Projects\Git Repos\Food-Ordering-System\.gradle\6.1.1\fileHashes)" [_thread_blocked, id=15128, stack(0x000000001c7e0000,0x000000001c8e0000)]
  0x0000000018163800 JavaThread "Cache worker for checksums cache (D:\Projects\Git Repos\Food-Ordering-System\.gradle\checksums)" [_thread_blocked, id=15004, stack(0x000000001c6e0000,0x000000001c7e0000)]
  0x0000000018164800 JavaThread "Cache worker for file hash cache (C:\Users\Loyd\.gradle\caches\6.1.1\fileHashes)" [_thread_blocked, id=14376, stack(0x000000001a060000,0x000000001a160000)]
  0x0000000018162000 JavaThread "File lock request listener" [_thread_in_native, id=12040, stack(0x0000000019f60000,0x000000001a060000)]
  0x0000000017ef4800 JavaThread "Cache worker for journal cache (C:\Users\Loyd\.gradle\caches\journal-1)" [_thread_blocked, id=12148, stack(0x0000000019e60000,0x0000000019f60000)]
  0x0000000017ee3000 JavaThread "Thread-9" [_thread_blocked, id=10820, stack(0x0000000019b60000,0x0000000019c60000)]
  0x0000000017ee2000 JavaThread "Stdin handler" [_thread_blocked, id=912, stack(0x0000000019a60000,0x0000000019b60000)]
  0x0000000017ee1800 JavaThread "Asynchronous log dispatcher for DefaultDaemonConnection: socket connection from /127.0.0.1:14297 to /127.0.0.1:14298" [_thread_blocked, id=6632, stack(0x0000000019960000,0x0000000019a60000)]
  0x0000000017e99000 JavaThread "Daemon worker" [_thread_blocked, id=13688, stack(0x0000000019860000,0x0000000019960000)]
  0x0000000017e9e000 JavaThread "Cancel handler" [_thread_blocked, id=7816, stack(0x0000000019760000,0x0000000019860000)]
  0x0000000017e4a800 JavaThread "Handler for socket connection from /127.0.0.1:14297 to /127.0.0.1:14298" [_thread_in_native, id=8084, stack(0x0000000019460000,0x0000000019560000)]
  0x0000000017e49800 JavaThread "Daemon" [_thread_blocked, id=5932, stack(0x0000000019360000,0x0000000019460000)]
  0x0000000017e38000 JavaThread "Daemon periodic checks" [_thread_blocked, id=12564, stack(0x0000000019260000,0x0000000019360000)]
  0x0000000017dbe000 JavaThread "Incoming local TCP Connector on port 14297" [_thread_in_native, id=14500, stack(0x0000000019020000,0x0000000019120000)]
  0x0000000017d72000 JavaThread "Daemon health stats" [_thread_blocked, id=14092, stack(0x00000000189e0000,0x0000000018ae0000)]
  0x0000000015bbc800 JavaThread "Service Thread" daemon [_thread_blocked, id=15064, stack(0x0000000016040000,0x0000000016140000)]
  0x0000000013cee800 JavaThread "C1 CompilerThread2" daemon [_thread_blocked, id=8048, stack(0x0000000015f40000,0x0000000016040000)]
  0x0000000013cdf000 JavaThread "C2 CompilerThread1" daemon [_thread_blocked, id=11360, stack(0x0000000015a40000,0x0000000015b40000)]
  0x0000000013cdd000 JavaThread "C2 CompilerThread0" daemon [_thread_in_native, id=4772, stack(0x0000000015940000,0x0000000015a40000)]
  0x0000000013cd9000 JavaThread "Attach Listener" daemon [_thread_blocked, id=2460, stack(0x0000000015840000,0x0000000015940000)]
  0x0000000013cd5000 JavaThread "Signal Dispatcher" daemon [_thread_blocked, id=14752, stack(0x0000000015740000,0x0000000015840000)]
  0x000000000271d000 JavaThread "Finalizer" daemon [_thread_blocked, id=12592, stack(0x0000000015540000,0x0000000015640000)]
  0x0000000013cbb000 JavaThread "Reference Handler" daemon [_thread_blocked, id=6868, stack(0x0000000015440000,0x0000000015540000)]
  0x000000000242e000 JavaThread "main" [_thread_blocked, id=15284, stack(0x0000000002520000,0x0000000002620000)]

Other Threads:
  0x0000000013c97800 VMThread [stack: 0x0000000015340000,0x0000000015440000] [id=14632]
  0x0000000015bd5800 WatcherThread [stack: 0x0000000016140000,0x0000000016240000] [id=13276]

=>0x000000000263e800 (exited) GCTaskThread [stack: 0x0000000011ff0000,0x00000000120f0000] [id=13060]

VM state:at safepoint (normal execution)

VM Mutex/Monitor currently owned by a thread:  ([mutex/lock_event])
[0x000000000242d310] Threads_lock - owner thread: 0x0000000013c97800
[0x000000000242cf90] Heap_lock - owner thread: 0x0000000017e99000

heap address: 0x00000000e0000000, size: 512 MB, Compressed Oops mode: 32-bit
Narrow klass base: 0x0000000000000000, Narrow klass shift: 3
Compressed class space size: 1073741824 Address: 0x0000000100000000

Heap:
 PSYoungGen      total 76288K, used 74646K [0x00000000f5580000, 0x00000000faa80000, 0x0000000100000000)
  eden space 65536K, 100% used [0x00000000f5580000,0x00000000f9580000,0x00000000f9580000)
  from space 10752K, 84% used [0x00000000fa000000,0x00000000fa8e5b40,0x00000000faa80000)
  to   space 10752K, 65% used [0x00000000f9580000,0x00000000f9c5d040,0x00000000fa000000)
 ParOldGen       total 175104K, used 32K [0x00000000e0000000, 0x00000000eab00000, 0x00000000f5580000)
  object space 175104K, 0% used [0x00000000e0000000,0x00000000e0008000,0x00000000eab00000)
 Metaspace       used 20319K, capacity 20940K, committed 20992K, reserved 1067008K
  class space    used 2843K, capacity 3052K, committed 3072K, reserved 1048576K

Card table byte_map: [0x0000000011ae0000,0x0000000011bf0000] byte_map_base: 0x00000000113e0000

Marking Bits: (ParMarkBitMap*) 0x00000000637df030
 Begin Bits: [0x00000000121f0000, 0x00000000129f0000)
 End Bits:   [0x00000000129f0000, 0x00000000131f0000)

Polling page: 0x00000000023c0000

CodeCache: size=245760Kb used=6128Kb max_used=6131Kb free=239631Kb
 bounds [0x0000000002720000, 0x0000000002d20000, 0x0000000011720000]
 total_blobs=2163 nmethods=1740 adapters=336
 compilation: enabled

Compilation events (10 events):
Event: 1.497 Thread 0x0000000013cee800 1745       3       java.util.ArrayList::indexOf (67 bytes)
Event: 1.497 Thread 0x0000000013cee800 nmethod 1745 0x0000000002cf1910 code [0x0000000002cf1aa0, 0x0000000002cf1f68]
Event: 1.500 Thread 0x0000000013cee800 1747       3       java.lang.Enum::compareTo (44 bytes)
Event: 1.501 Thread 0x0000000013cee800 nmethod 1747 0x0000000002cf0890 code [0x0000000002cf0a40, 0x0000000002cf1348]
Event: 1.501 Thread 0x0000000013cee800 1748       3       java.util.Hashtable$Enumerator::hasMoreElements (53 bytes)
Event: 1.501 Thread 0x0000000013cee800 nmethod 1748 0x0000000002cf0310 code [0x0000000002cf0480, 0x0000000002cf0750]
Event: 1.501 Thread 0x0000000013cee800 1749       1       java.util.Hashtable::access$500 (5 bytes)
Event: 1.501 Thread 0x0000000013cee800 nmethod 1749 0x0000000002cf0050 code [0x0000000002cf01a0, 0x0000000002cf0290]
Event: 1.501 Thread 0x0000000013cee800 1750       1       java.util.Hashtable$Entry::getKey (5 bytes)
Event: 1.501 Thread 0x0000000013cee800 nmethod 1750 0x0000000002cefd90 code [0x0000000002cefee0, 0x0000000002cefff0]

GC Heap History (5 events):
Event: 0.581 GC heap before
{Heap before GC invocations=1 (full 0):
 PSYoungGen      total 76288K, used 65536K [0x00000000f5580000, 0x00000000faa80000, 0x0000000100000000)
  eden space 65536K, 100% used [0x00000000f5580000,0x00000000f9580000,0x00000000f9580000)
  from space 10752K, 0% used [0x00000000fa000000,0x00000000fa000000,0x00000000faa80000)
  to   space 10752K, 0% used [0x00000000f9580000,0x00000000f9580000,0x00000000fa000000)
 ParOldGen       total 175104K, used 0K [0x00000000e0000000, 0x00000000eab00000, 0x00000000f5580000)
  object space 175104K, 0% used [0x00000000e0000000,0x00000000e0000000,0x00000000eab00000)
 Metaspace       used 7405K, capacity 7592K, committed 7680K, reserved 1056768K
  class space    used 905K, capacity 976K, committed 1024K, reserved 1048576K
Event: 0.584 GC heap after
Heap after GC invocations=1 (full 0):
 PSYoungGen      total 76288K, used 5663K [0x00000000f5580000, 0x00000000faa80000, 0x0000000100000000)
  eden space 65536K, 0% used [0x00000000f5580000,0x00000000f5580000,0x00000000f9580000)
  from space 10752K, 52% used [0x00000000f9580000,0x00000000f9b07c38,0x00000000fa000000)
  to   space 10752K, 0% used [0x00000000fa000000,0x00000000fa000000,0x00000000faa80000)
 ParOldGen       total 175104K, used 16K [0x00000000e0000000, 0x00000000eab00000, 0x00000000f5580000)
  object space 175104K, 0% used [0x00000000e0000000,0x00000000e0004000,0x00000000eab00000)
 Metaspace       used 7405K, capacity 7592K, committed 7680K, reserved 1056768K
  class space    used 905K, capacity 976K, committed 1024K, reserved 1048576K
}
Event: 1.054 GC heap before
{Heap before GC invocations=2 (full 0):
 PSYoungGen      total 76288K, used 71199K [0x00000000f5580000, 0x00000000faa80000, 0x0000000100000000)
  eden space 65536K, 100% used [0x00000000f5580000,0x00000000f9580000,0x00000000f9580000)
  from space 10752K, 52% used [0x00000000f9580000,0x00000000f9b07c38,0x00000000fa000000)
  to   space 10752K, 0% used [0x00000000fa000000,0x00000000fa000000,0x00000000faa80000)
 ParOldGen       total 175104K, used 16K [0x00000000e0000000, 0x00000000eab00000, 0x00000000f5580000)
  object space 175104K, 0% used [0x00000000e0000000,0x00000000e0004000,0x00000000eab00000)
 Metaspace       used 14799K, capacity 15180K, committed 15488K, reserved 1062912K
  class space    used 1954K, capacity 2090K, committed 2176K, reserved 1048576K
Event: 1.060 GC heap after
Heap after GC invocations=2 (full 0):
 PSYoungGen      total 76288K, used 9110K [0x00000000f5580000, 0x00000000faa80000, 0x0000000100000000)
  eden space 65536K, 0% used [0x00000000f5580000,0x00000000f5580000,0x00000000f9580000)
  from space 10752K, 84% used [0x00000000fa000000,0x00000000fa8e5b40,0x00000000faa80000)
  to   space 10752K, 0% used [0x00000000f9580000,0x00000000f9580000,0x00000000fa000000)
 ParOldGen       total 175104K, used 24K [0x00000000e0000000, 0x00000000eab00000, 0x00000000f5580000)
  object space 175104K, 0% used [0x00000000e0000000,0x00000000e0006000,0x00000000eab00000)
 Metaspace       used 14799K, capacity 15180K, committed 15488K, reserved 1062912K
  class space    used 1954K, capacity 2090K, committed 2176K, reserved 1048576K
}
Event: 1.504 GC heap before
{Heap before GC invocations=3 (full 0):
 PSYoungGen      total 76288K, used 74646K [0x00000000f5580000, 0x00000000faa80000, 0x0000000100000000)
  eden space 65536K, 100% used [0x00000000f5580000,0x00000000f9580000,0x00000000f9580000)
  from space 10752K, 84% used [0x00000000fa000000,0x00000000fa8e5b40,0x00000000faa80000)
  to   space 10752K, 0% used [0x00000000f9580000,0x00000000f9580000,0x00000000fa000000)
 ParOldGen       total 175104K, used 24K [0x00000000e0000000, 0x00000000eab00000, 0x00000000f5580000)
  object space 175104K, 0% used [0x00000000e0000000,0x00000000e0006000,0x00000000eab00000)
 Metaspace       used 20319K, capacity 20940K, committed 20992K, reserved 1067008K
  class space    used 2843K, capacity 3052K, committed 3072K, reserved 1048576K

Deoptimization events (10 events):
Event: 1.343 Thread 0x0000000017e99000 Uncommon trap: reason=unstable_if action=reinterpret pc=0x00000000028f3fc8 method=java.net.URI.match(CJJ)Z @ 19
Event: 1.343 Thread 0x0000000017e99000 Uncommon trap: reason=unstable_if action=reinterpret pc=0x00000000029ce7c0 method=java.net.URI.match(CJJ)Z @ 19
Event: 1.452 Thread 0x0000000017e99000 Uncommon trap: reason=bimorphic action=maybe_recompile pc=0x0000000002c27504 method=java.lang.ClassLoader.loadClass(Ljava/lang/String;Z)Ljava/lang/Class; @ 38
Event: 1.455 Thread 0x0000000017e99000 Uncommon trap: reason=bimorphic action=maybe_recompile pc=0x0000000002c27504 method=java.lang.ClassLoader.loadClass(Ljava/lang/String;Z)Ljava/lang/Class; @ 38
Event: 1.455 Thread 0x0000000017e99000 Uncommon trap: reason=bimorphic action=maybe_recompile pc=0x0000000002c27504 method=java.lang.ClassLoader.loadClass(Ljava/lang/String;Z)Ljava/lang/Class; @ 38
Event: 1.455 Thread 0x0000000017e99000 Uncommon trap: reason=bimorphic action=maybe_recompile pc=0x0000000002c27504 method=java.lang.ClassLoader.loadClass(Ljava/lang/String;Z)Ljava/lang/Class; @ 38
Event: 1.469 Thread 0x0000000017e99000 Uncommon trap: reason=bimorphic action=maybe_recompile pc=0x0000000002d04d54 method=java.lang.ClassLoader.getPackage(Ljava/lang/String;)Ljava/lang/Package; @ 47
Event: 1.471 Thread 0x0000000017e99000 Uncommon trap: reason=bimorphic action=maybe_recompile pc=0x0000000002d04d54 method=java.lang.ClassLoader.getPackage(Ljava/lang/String;)Ljava/lang/Package; @ 47
Event: 1.477 Thread 0x0000000017e99000 Uncommon trap: reason=bimorphic action=maybe_recompile pc=0x0000000002d04d54 method=java.lang.ClassLoader.getPackage(Ljava/lang/String;)Ljava/lang/Package; @ 47
Event: 1.478 Thread 0x0000000017e99000 Uncommon trap: reason=unstable_if action=reinterpret pc=0x0000000002d04a48 method=java.net.URLClassLoader.getAndVerifyPackage(Ljava/lang/String;Ljava/util/jar/Manifest;Ljava/net/URL;)Ljava/lang/Package; @ 62

Classes redefined (0 events):
No events

Internal exceptions (10 events):
Event: 1.457 Thread 0x0000000017e99000 Exception <a 'java/lang/NoSuchMethodError': <clinit>> (0x00000000f9270458) thrown at [C:\src\AOSP-openjdk-git\hotspot\src\share\vm\prims\jni.cpp, line 1615]
Event: 1.472 Thread 0x0000000017e99000 Exception <a 'java/lang/NoSuchMethodError': <clinit>> (0x00000000f92c88e0) thrown at [C:\src\AOSP-openjdk-git\hotspot\src\share\vm\prims\jni.cpp, line 1615]
Event: 1.473 Thread 0x0000000017e99000 Exception <a 'java/lang/NoSuchMethodError': <clinit>> (0x00000000f92d63f8) thrown at [C:\src\AOSP-openjdk-git\hotspot\src\share\vm\prims\jni.cpp, line 1615]
Event: 1.483 Thread 0x0000000017e99000 Exception <a 'java/lang/NoSuchMethodError': <clinit>> (0x00000000f9400c48) thrown at [C:\src\AOSP-openjdk-git\hotspot\src\share\vm\prims\jni.cpp, line 1615]
Event: 1.483 Thread 0x0000000017e99000 Exception <a 'java/lang/NoSuchMethodError': <clinit>> (0x00000000f9404cf0) thrown at [C:\src\AOSP-openjdk-git\hotspot\src\share\vm\prims\jni.cpp, line 1615]
Event: 1.483 Thread 0x0000000017e99000 Exception <a 'java/lang/NoSuchMethodError': <clinit>> (0x00000000f9406628) thrown at [C:\src\AOSP-openjdk-git\hotspot\src\share\vm\prims\jni.cpp, line 1615]
Event: 1.483 Thread 0x0000000017e99000 Exception <a 'java/lang/NoSuchMethodError': <clinit>> (0x00000000f9407ad8) thrown at [C:\src\AOSP-openjdk-git\hotspot\src\share\vm\prims\jni.cpp, line 1615]
Event: 1.483 Thread 0x0000000017e99000 Exception <a 'java/lang/NoSuchMethodError': <clinit>> (0x00000000f94091d8) thrown at [C:\src\AOSP-openjdk-git\hotspot\src\share\vm\prims\jni.cpp, line 1615]
Event: 1.483 Thread 0x0000000017e99000 Exception <a 'java/lang/NoSuchMethodError': <clinit>> (0x00000000f940a788) thrown at [C:\src\AOSP-openjdk-git\hotspot\src\share\vm\prims\jni.cpp, line 1615]
Event: 1.483 Thread 0x0000000017e99000 Exception <a 'java/lang/NoSuchMethodError': <clinit>> (0x00000000f940bbd8) thrown at [C:\src\AOSP-openjdk-git\hotspot\src\share\vm\prims\jni.cpp, line 1615]

Events (10 events):
Event: 1.501 loading class org/gradle/internal/resource/ResourceLocation done
Event: 1.502 loading class org/gradle/internal/resource/ResourceIsAFolderException
Event: 1.502 loading class org/gradle/internal/resource/ResourceIsAFolderException done
Event: 1.502 loading class org/apache/commons/io/FilenameUtils
Event: 1.502 loading class org/apache/commons/io/FilenameUtils done
Event: 1.503 loading class org/gradle/api/internal/initialization/RootScriptDomainObjectContext
Event: 1.503 loading class org/gradle/api/internal/initialization/RootScriptDomainObjectContext done
Event: 1.503 loading class org/gradle/api/internal/artifacts/DefaultDependencyManagementServices$ArtifactTransformResolutionGradleUserHomeServices
Event: 1.503 loading class org/gradle/api/internal/artifacts/DefaultDependencyManagementServices$ArtifactTransformResolutionGradleUserHomeServices done
Event: 1.504 Executing VM operation: ParallelGCFailedAllocation


Dynamic libraries:
0x00007ff6b9310000 - 0x00007ff6b9341000 	C:\Program Files (x86)\Android\Android Studio\jre\bin\java.exe
0x00007ff9e0350000 - 0x00007ff9e0546000 	C:\Windows\SYSTEM32\ntdll.dll
0x00007ff9df830000 - 0x00007ff9df8ed000 	C:\Windows\System32\KERNEL32.DLL
0x00007ff9ddc40000 - 0x00007ff9ddf08000 	C:\Windows\System32\KERNELBASE.dll
0x00007ff9df000000 - 0x00007ff9df0ac000 	C:\Windows\System32\ADVAPI32.dll
0x00007ff9def60000 - 0x00007ff9deffe000 	C:\Windows\System32\msvcrt.dll
0x00007ff9df8f0000 - 0x00007ff9df98b000 	C:\Windows\System32\sechost.dll
0x00007ff9dede0000 - 0x00007ff9def04000 	C:\Windows\System32\RPCRT4.dll
0x00007ff9df210000 - 0x00007ff9df3b0000 	C:\Windows\System32\USER32.dll
0x00007ff9ddf40000 - 0x00007ff9ddf62000 	C:\Windows\System32\win32u.dll
0x00007ff9dfd10000 - 0x00007ff9dfd3a000 	C:\Windows\System32\GDI32.dll
0x00007ff9ddff0000 - 0x00007ff9de0f9000 	C:\Windows\System32\gdi32full.dll
0x00007ff9de2b0000 - 0x00007ff9de34d000 	C:\Windows\System32\msvcp_win.dll
0x00007ff9ddb40000 - 0x00007ff9ddc40000 	C:\Windows\System32\ucrtbase.dll
0x00007ff9ce2d0000 - 0x00007ff9ce56b000 	C:\Windows\WinSxS\amd64_microsoft.windows.common-controls_6595b64144ccf1df_6.0.19041.488_none_ca04af081b815d21\COMCTL32.dll
0x00007ff9def30000 - 0x00007ff9def60000 	C:\Windows\System32\IMM32.DLL
0x0000000062cd0000 - 0x0000000062da2000 	C:\Program Files (x86)\Android\Android Studio\jre\jre\bin\msvcr100.dll
0x0000000063010000 - 0x000000006385b000 	C:\Program Files (x86)\Android\Android Studio\jre\jre\bin\server\jvm.dll
0x00007ff9df820000 - 0x00007ff9df828000 	C:\Windows\System32\PSAPI.DLL
0x00007ff9d9960000 - 0x00007ff9d9969000 	C:\Windows\SYSTEM32\WSOCK32.dll
0x00007ff9d4e90000 - 0x00007ff9d4eb7000 	C:\Windows\SYSTEM32\WINMM.dll
0x00007ff9d81c0000 - 0x00007ff9d81ca000 	C:\Windows\SYSTEM32\VERSION.dll
0x00007ff9dfb20000 - 0x00007ff9dfb8b000 	C:\Windows\System32\WS2_32.dll
0x00007ff9d9140000 - 0x00007ff9d914f000 	C:\Program Files (x86)\Android\Android Studio\jre\jre\bin\verify.dll
0x00007ff9ca230000 - 0x00007ff9ca259000 	C:\Program Files (x86)\Android\Android Studio\jre\jre\bin\java.dll
0x00007ff9d9120000 - 0x00007ff9d9136000 	C:\Program Files (x86)\Android\Android Studio\jre\jre\bin\zip.dll
0x00007ff9de3b0000 - 0x00007ff9deaf1000 	C:\Windows\System32\SHELL32.dll
0x00007ff9dbc00000 - 0x00007ff9dc395000 	C:\Windows\SYSTEM32\windows.storage.dll
0x00007ff9dfe70000 - 0x00007ff9e01c5000 	C:\Windows\System32\combase.dll
0x00007ff9dd500000 - 0x00007ff9dd52c000 	C:\Windows\SYSTEM32\Wldp.dll
0x00007ff9df0b0000 - 0x00007ff9df15e000 	C:\Windows\System32\SHCORE.dll
0x00007ff9dfe10000 - 0x00007ff9dfe65000 	C:\Windows\System32\shlwapi.dll
0x00007ff9dd9c0000 - 0x00007ff9dd9e6000 	C:\Windows\SYSTEM32\profapi.dll
0x00007ff9ca210000 - 0x00007ff9ca22a000 	C:\Program Files (x86)\Android\Android Studio\jre\jre\bin\net.dll
0x00007ff9dd280000 - 0x00007ff9dd2ea000 	C:\Windows\system32\mswsock.dll
0x00007ff9ca160000 - 0x00007ff9ca173000 	C:\Program Files (x86)\Android\Android Studio\jre\jre\bin\nio.dll
0x00007ff9b3020000 - 0x00007ff9b3046000 	C:\Users\Loyd\.gradle\native\31\windows-amd64\native-platform.dll
0x00007ff9ca150000 - 0x00007ff9ca15d000 	C:\Program Files (x86)\Android\Android Studio\jre\jre\bin\management.dll
0x00007ff9dd450000 - 0x00007ff9dd468000 	C:\Windows\SYSTEM32\CRYPTSP.dll
0x00007ff9dcba0000 - 0x00007ff9dcbd4000 	C:\Windows\system32\rsaenh.dll
0x00007ff9ddf10000 - 0x00007ff9ddf37000 	C:\Windows\System32\bcrypt.dll
0x00007ff9dd980000 - 0x00007ff9dd9ae000 	C:\Windows\SYSTEM32\USERENV.dll
0x00007ff9ddf70000 - 0x00007ff9ddfef000 	C:\Windows\System32\bcryptprimitives.dll
0x00007ff9dd470000 - 0x00007ff9dd47c000 	C:\Windows\SYSTEM32\CRYPTBASE.dll
0x00007ff9dcf20000 - 0x00007ff9dcf5b000 	C:\Windows\SYSTEM32\IPHLPAPI.DLL
0x00007ff9dfb90000 - 0x00007ff9dfb98000 	C:\Windows\System32\NSI.dll
0x00007ff9d85c0000 - 0x00007ff9d85d7000 	C:\Windows\SYSTEM32\dhcpcsvc6.DLL
0x00007ff9d8390000 - 0x00007ff9d83ad000 	C:\Windows\SYSTEM32\dhcpcsvc.DLL
0x00007ff9dcf70000 - 0x00007ff9dd03b000 	C:\Windows\SYSTEM32\DNSAPI.dll
0x00007ff9cd0f0000 - 0x00007ff9cd2d4000 	C:\Windows\SYSTEM32\dbghelp.dll

VM Arguments:
jvm_args: -XX:MaxMetaspaceSize=256m -XX:+HeapDumpOnOutOfMemoryError -Xms256m -Xmx512m -Dfile.encoding=windows-1252 -Duser.country=US -Duser.language=en -Duser.variant 
java_command: org.gradle.launcher.daemon.bootstrap.GradleDaemon 6.1.1
java_class_path (initial): C:\Users\Loyd\.gradle\wrapper\dists\gradle-6.1.1-all\cfmwm155h49vnt3hynmlrsdst\gradle-6.1.1\lib\gradle-launcher-6.1.1.jar
Launcher Type: SUN_STANDARD

Environment Variables:
PATH=C:\Program Files (x86)\Common Files\Intel\Shared Libraries\redist\intel64\compiler;C:\Program Files (x86)\Common Files\Oracle\Java\javapath;C:\Windows\system32;C:\Windows;C:\Windows\System32\Wbem;C:\Windows\System32\WindowsPowerShell\v1.0\;C:\Windows\System32\OpenSSH\;C:\Program Files (x86)\Git\cmd;C:\Program Files (x86)\NVIDIA Corporation\PhysX\Common;C:\Program Files (x86)\Microsoft VS Code\bin;C:\ProgramData\chocolatey\bin;C:\Program Files (x86)\Yarn\bin\;C:\Program Files\nodejs\;C:\Users\Loyd\AppData\Local\Microsoft\WindowsApps;C:\Users\Loyd\AppData\Local\Yarn\bin;C:\Program Files (x86)\platform-tools;
USERNAME=Loyd
OS=Windows_NT
PROCESSOR_IDENTIFIER=Intel64 Family 6 Model 158 Stepping 10, GenuineIntel



---------------  S Y S T E M  ---------------

OS: Windows 10.0 , 64 bit Build 19041 (10.0.19041.546)

CPU:total 6 (initial active 6) (6 cores per cpu, 1 threads per core) family 6 model 158 stepping 10, cmov, cx8, fxsr, mmx, sse, sse2, sse3, ssse3, sse4.1, sse4.2, popcnt, avx, avx2, aes, clmul, erms, 3dnowpref, lzcnt, tsc, tscinvbit, bmi1, bmi2, adx

Memory: 4k page, physical 33485032k(25030604k free), swap 39495912k(27939736k free)

vm_info: OpenJDK 64-Bit Server VM (25.242-b01) for windows-amd64 JRE (1.8.0_242-release-1644-b01), built by "builder" with MS VC++ 10.0 (VS2010)

time: Sun Nov 15 16:31:06 2020
timezone: China Standard Time
elapsed time: 1 seconds (0d 0h 0m 1s)

