#
# A fatal error has been detected by the Java Runtime Environment:
#
#  EXCEPTION_ILLEGAL_INSTRUCTION (0xc000001d) at pc=0x0000000002c1e373, pid=14804, tid=0x0000000000001548
#
# JRE version: OpenJDK Runtime Environment (8.0_242-b01) (build 1.8.0_242-release-1644-b01)
# Java VM: OpenJDK 64-Bit Server VM (25.242-b01 mixed mode windows-amd64 compressed oops)
# Problematic frame:
# J 203 C1 java.lang.invoke.InvokerBytecodeGenerator.isStaticallyNameable(Ljava/lang/Class;)Z (116 bytes) @ 0x0000000002c1e373 [0x0000000002c1cb40+0x1833]
#
# Failed to write core dump. Minidumps are not enabled by default on client versions of Windows
#
# If you would like to submit a bug report, please visit:
#   
#

---------------  T H R E A D  ---------------

Current thread (0x00000000181b0000):  JavaThread "Daemon worker" [_thread_in_Java, id=5448, stack(0x0000000019c30000,0x0000000019d30000)]

siginfo: ExceptionCode=0xc000001d

Registers:
RAX=0x0000000000000001, RBX=0x00000000f95a1580, RCX=0x000000000000006e, RDX=0x00000000139d8fe8
RSP=0x0000000019d2d200, RBP=0x0000000019d2d338, RSI=0x00000000000002d0, RDI=0x0000000000000010
R8 =0x0000000000000358, R9 =0x0000000000000128, R10=0x000000000000002e, R11=0x0000000000106bb8
R12=0x0000000000000000, R13=0x0000000000000026, R14=0x000000000000002c, R15=0x00000000181b0000
RIP=0x0000000002c1e373, EFLAGS=0x0000000000010202

Top of Stack: (sp=0x0000000019d2d200)
0x0000000019d2d200:   0000000000000000 000000001396ab20
0x0000000019d2d210:   0000000000000000 000000001396a610
0x0000000019d2d220:   0000000000000000 0000000019d2d250
0x0000000019d2d230:   0000000019d2d2a8 0000000002ac7ae0
0x0000000019d2d240:   00000000ffffffff 0000000000000001
0x0000000019d2d250:   00000000f7a611e0 00000000f7a61200
0x0000000019d2d260:   0000000000000005 0000000019d2d268
0x0000000019d2d270:   00000000136f65e4 0000000019d2d2f0
0x0000000019d2d280:   0000000013964748 0000000000000000
0x0000000019d2d290:   00000000f95bdb08 0000000000000000
0x0000000019d2d2a0:   0000000000000000 0000000019d2d338
0x0000000019d2d2b0:   0000000002ac7ae0 0000000000000005
0x0000000019d2d2c0:   0000000000000004 0000000000000001
0x0000000019d2d2d0:   0000000019d2d338 0000000002ac7870
0x0000000019d2d2e0:   0000000000000000 0000000002ac7870
0x0000000019d2d2f0:   00000000f95bdb08 0000000019d2d2f8 

Instructions: (pc=0x0000000002c1e373)
0x0000000002c1e353:   90 90 90 90 e8 84 5e 29 00 83 f8 00 48 ba e8 8f
0x0000000002c1e363:   9d 13 00 00 00 00 48 be d0 02 00 00 00 00 00 00
0x0000000002c1e373:   0f 84 0a 00 00 00 48 be e0 02 00 00 00 00 00 00
0x0000000002c1e383:   48 8b 3c 32 48 8d 7f 01 48 89 3c 32 0f 85 09 03 


Register to memory mapping:

RAX=0x0000000000000001 is an unknown value
RBX=0x00000000f95a1580 is an oop
java.lang.String 
 - klass: 'java/lang/String'
RCX=0x000000000000006e is an unknown value
RDX=0x00000000139d8fe8 is pointing into metadata
RSP=0x0000000019d2d200 is pointing into the stack for thread: 0x00000000181b0000
RBP=0x0000000019d2d338 is pointing into the stack for thread: 0x00000000181b0000
RSI=0x00000000000002d0 is an unknown value
RDI=0x0000000000000010 is an unknown value
R8 =0x0000000000000358 is an unknown value
R9 =0x0000000000000128 is an unknown value
R10=0x000000000000002e is an unknown value
R11=0x0000000000106bb8 is an unknown value
R12=0x0000000000000000 is an unknown value
R13=0x0000000000000026 is an unknown value
R14=0x000000000000002c is an unknown value
R15=0x00000000181b0000 is a thread


Stack: [0x0000000019c30000,0x0000000019d30000],  sp=0x0000000019d2d200,  free space=1012k
Native frames: (J=compiled Java code, j=interpreted, Vv=VM code, C=native code)
C  0x0000000002c1e373


---------------  P R O C E S S  ---------------

Java Threads: ( => current thread )
  0x00000000181c6000 JavaThread "Thread-9" [_thread_blocked, id=13172, stack(0x0000000019f30000,0x000000001a030000)]
  0x00000000181af000 JavaThread "Stdin handler" [_thread_blocked, id=8184, stack(0x0000000019e30000,0x0000000019f30000)]
  0x00000000181c5800 JavaThread "Asynchronous log dispatcher for DefaultDaemonConnection: socket connection from /127.0.0.1:14202 to /127.0.0.1:14203" [_thread_blocked, id=11592, stack(0x0000000019d30000,0x0000000019e30000)]
=>0x00000000181b0000 JavaThread "Daemon worker" [_thread_in_Java, id=5448, stack(0x0000000019c30000,0x0000000019d30000)]
  0x00000000181c9800 JavaThread "Cancel handler" [_thread_blocked, id=6088, stack(0x0000000019b30000,0x0000000019c30000)]
  0x0000000018159000 JavaThread "Handler for socket connection from /127.0.0.1:14202 to /127.0.0.1:14203" [_thread_in_native, id=12224, stack(0x0000000019830000,0x0000000019930000)]
  0x0000000018158800 JavaThread "Daemon" [_thread_blocked, id=3496, stack(0x0000000019730000,0x0000000019830000)]
  0x0000000018154800 JavaThread "Daemon periodic checks" [_thread_blocked, id=14188, stack(0x0000000019630000,0x0000000019730000)]
  0x00000000180fe800 JavaThread "Incoming local TCP Connector on port 14202" [_thread_in_native, id=11824, stack(0x00000000193f0000,0x00000000194f0000)]
  0x0000000018071000 JavaThread "Daemon health stats" [_thread_blocked, id=6904, stack(0x0000000018db0000,0x0000000018eb0000)]
  0x000000001408d800 JavaThread "Service Thread" daemon [_thread_blocked, id=5432, stack(0x0000000016410000,0x0000000016510000)]
  0x0000000015f18800 JavaThread "C1 CompilerThread2" daemon [_thread_blocked, id=2520, stack(0x0000000016310000,0x0000000016410000)]
  0x000000001407f000 JavaThread "C2 CompilerThread1" daemon [_thread_blocked, id=15092, stack(0x0000000015e10000,0x0000000015f10000)]
  0x000000001407d000 JavaThread "C2 CompilerThread0" daemon [_thread_blocked, id=13472, stack(0x0000000015d10000,0x0000000015e10000)]
  0x0000000014079000 JavaThread "Attach Listener" daemon [_thread_blocked, id=12300, stack(0x0000000015c10000,0x0000000015d10000)]
  0x0000000014075000 JavaThread "Signal Dispatcher" daemon [_thread_blocked, id=14608, stack(0x0000000015b10000,0x0000000015c10000)]
  0x00000000029ed000 JavaThread "Finalizer" daemon [_thread_blocked, id=2184, stack(0x0000000015910000,0x0000000015a10000)]
  0x000000001405b000 JavaThread "Reference Handler" daemon [_thread_blocked, id=12332, stack(0x0000000015810000,0x0000000015910000)]
  0x0000000002abe000 JavaThread "main" [_thread_blocked, id=12852, stack(0x00000000027b0000,0x00000000028b0000)]

Other Threads:
  0x0000000014037800 VMThread [stack: 0x0000000015710000,0x0000000015810000] [id=13184]
  0x000000001408e800 WatcherThread [stack: 0x0000000016510000,0x0000000016610000] [id=15100]

VM state:not at safepoint (normal execution)

VM Mutex/Monitor currently owned by a thread: None

heap address: 0x00000000e0000000, size: 512 MB, Compressed Oops mode: 32-bit
Narrow klass base: 0x0000000000000000, Narrow klass shift: 3
Compressed class space size: 1073741824 Address: 0x0000000100000000

Heap:
 PSYoungGen      total 76288K, used 43696K [0x00000000f5580000, 0x00000000faa80000, 0x0000000100000000)
  eden space 65536K, 58% used [0x00000000f5580000,0x00000000f7aab228,0x00000000f9580000)
  from space 10752K, 52% used [0x00000000f9580000,0x00000000f9b00f00,0x00000000fa000000)
  to   space 10752K, 0% used [0x00000000fa000000,0x00000000fa000000,0x00000000faa80000)
 ParOldGen       total 175104K, used 16K [0x00000000e0000000, 0x00000000eab00000, 0x00000000f5580000)
  object space 175104K, 0% used [0x00000000e0000000,0x00000000e0004000,0x00000000eab00000)
 Metaspace       used 12239K, capacity 12602K, committed 12800K, reserved 1060864K
  class space    used 1635K, capacity 1767K, committed 1792K, reserved 1048576K

Card table byte_map: [0x0000000011e80000,0x0000000011f90000] byte_map_base: 0x0000000011780000

Marking Bits: (ParMarkBitMap*) 0x00000000637df030
 Begin Bits: [0x0000000012590000, 0x0000000012d90000)
 End Bits:   [0x0000000012d90000, 0x0000000013590000)

Polling page: 0x0000000000b90000

CodeCache: size=245760Kb used=4877Kb max_used=4891Kb free=240882Kb
 bounds [0x0000000002ac0000, 0x0000000002f90000, 0x0000000011ac0000]
 total_blobs=1713 nmethods=1339 adapters=287
 compilation: enabled

Compilation events (10 events):
Event: 0.960 Thread 0x0000000015f18800 1336       1       java.util.Calendar::getMinimalDaysInFirstWeek (5 bytes)
Event: 0.960 Thread 0x0000000015f18800 nmethod 1336 0x0000000002f7cd50 code [0x0000000002f7cea0, 0x0000000002f7cfb0]
Event: 0.963 Thread 0x000000001407d000 nmethod 1327 0x0000000002f79a50 code [0x0000000002f79c00, 0x0000000002f7a218]
Event: 0.963 Thread 0x000000001407d000 1333       4       java.io.DataOutputStream::incCount (20 bytes)
Event: 0.963 Thread 0x0000000015f18800 1337       3       java.net.URLClassLoader::definePackage (272 bytes)
Event: 0.963 Thread 0x000000001407d000 nmethod 1333 0x0000000002f4c490 code [0x0000000002f4c5c0, 0x0000000002f4c638]
Event: 0.965 Thread 0x0000000015f18800 nmethod 1337 0x0000000002f81750 code [0x0000000002f81be0, 0x0000000002f84b18]
Event: 0.965 Thread 0x0000000015f18800 1340       3       jdk.internal.org.objectweb.asm.ByteVector::enlarge (51 bytes)
Event: 0.965 Thread 0x0000000015f18800 nmethod 1340 0x0000000002f811d0 code [0x0000000002f81340, 0x0000000002f81668]
Event: 0.965 Thread 0x0000000015f18800 1338   !   3       java.lang.ClassLoader::definePackage (77 bytes)

GC Heap History (2 events):
Event: 0.598 GC heap before
{Heap before GC invocations=1 (full 0):
 PSYoungGen      total 76288K, used 65536K [0x00000000f5580000, 0x00000000faa80000, 0x0000000100000000)
  eden space 65536K, 100% used [0x00000000f5580000,0x00000000f9580000,0x00000000f9580000)
  from space 10752K, 0% used [0x00000000fa000000,0x00000000fa000000,0x00000000faa80000)
  to   space 10752K, 0% used [0x00000000f9580000,0x00000000f9580000,0x00000000fa000000)
 ParOldGen       total 175104K, used 0K [0x00000000e0000000, 0x00000000eab00000, 0x00000000f5580000)
  object space 175104K, 0% used [0x00000000e0000000,0x00000000e0000000,0x00000000eab00000)
 Metaspace       used 7405K, capacity 7592K, committed 7680K, reserved 1056768K
  class space    used 905K, capacity 976K, committed 1024K, reserved 1048576K
Event: 0.602 GC heap after
Heap after GC invocations=1 (full 0):
 PSYoungGen      total 76288K, used 5635K [0x00000000f5580000, 0x00000000faa80000, 0x0000000100000000)
  eden space 65536K, 0% used [0x00000000f5580000,0x00000000f5580000,0x00000000f9580000)
  from space 10752K, 52% used [0x00000000f9580000,0x00000000f9b00f00,0x00000000fa000000)
  to   space 10752K, 0% used [0x00000000fa000000,0x00000000fa000000,0x00000000faa80000)
 ParOldGen       total 175104K, used 16K [0x00000000e0000000, 0x00000000eab00000, 0x00000000f5580000)
  object space 175104K, 0% used [0x00000000e0000000,0x00000000e0004000,0x00000000eab00000)
 Metaspace       used 7405K, capacity 7592K, committed 7680K, reserved 1056768K
  class space    used 905K, capacity 976K, committed 1024K, reserved 1048576K
}

Deoptimization events (10 events):
Event: 0.652 Thread 0x0000000002abe000 Uncommon trap: reason=class_check action=maybe_recompile pc=0x0000000002ddc798 method=java.util.regex.Matcher.match(II)Z @ 86
Event: 0.709 Thread 0x0000000002abe000 Uncommon trap: reason=unstable_if action=reinterpret pc=0x0000000002d30804 method=java.util.HashMap.getNode(ILjava/lang/Object;)Ljava/util/HashMap$Node; @ 129
Event: 0.709 Thread 0x0000000002abe000 Uncommon trap: reason=class_check action=maybe_recompile pc=0x0000000002dd47e8 method=java.util.HashMap.putVal(ILjava/lang/Object;Ljava/lang/Object;ZZ)Ljava/lang/Object; @ 203
Event: 0.796 Thread 0x0000000002abe000 Uncommon trap: reason=unstable_if action=reinterpret pc=0x0000000002deab04 method=java.io.WinNTFileSystem.normalize(Ljava/lang/String;)Ljava/lang/String; @ 128
Event: 0.916 Thread 0x0000000018159000 Uncommon trap: reason=unstable_if action=reinterpret pc=0x0000000002ec16a8 method=java.util.concurrent.ConcurrentHashMap.putVal(Ljava/lang/Object;Ljava/lang/Object;Z)Ljava/lang/Object; @ 206
Event: 0.928 Thread 0x0000000018159000 Uncommon trap: reason=unstable_if action=reinterpret pc=0x0000000002de530c method=java.lang.String.substring(I)Ljava/lang/String; @ 35
Event: 0.950 Thread 0x00000000181b0000 Uncommon trap: reason=bimorphic action=maybe_recompile pc=0x0000000002dd3a8c method=java.util.HashMap.putVal(ILjava/lang/Object;Ljava/lang/Object;ZZ)Ljava/lang/Object; @ 253
Event: 0.951 Thread 0x00000000181b0000 Uncommon trap: reason=bimorphic action=maybe_recompile pc=0x0000000002dd3a8c method=java.util.HashMap.putVal(ILjava/lang/Object;Ljava/lang/Object;ZZ)Ljava/lang/Object; @ 253
Event: 0.951 Thread 0x00000000181b0000 Uncommon trap: reason=bimorphic action=maybe_recompile pc=0x0000000002dd3a8c method=java.util.HashMap.putVal(ILjava/lang/Object;Ljava/lang/Object;ZZ)Ljava/lang/Object; @ 253
Event: 0.951 Thread 0x00000000181b0000 Uncommon trap: reason=bimorphic action=maybe_recompile pc=0x0000000002dd3a8c method=java.util.HashMap.putVal(ILjava/lang/Object;Ljava/lang/Object;ZZ)Ljava/lang/Object; @ 253

Classes redefined (0 events):
No events

Internal exceptions (10 events):
Event: 0.918 Thread 0x0000000018159000 Exception <a 'java/lang/NoSuchMethodError': <clinit>> (0x00000000f75cf490) thrown at [C:\src\AOSP-openjdk-git\hotspot\src\share\vm\prims\jni.cpp, line 1615]
Event: 0.921 Thread 0x0000000018159000 Exception <a 'java/lang/NoSuchMethodError': <clinit>> (0x00000000f75e1e10) thrown at [C:\src\AOSP-openjdk-git\hotspot\src\share\vm\prims\jni.cpp, line 1615]
Event: 0.922 Thread 0x0000000018159000 Exception <a 'java/lang/NoSuchMethodError': <clinit>> (0x00000000f7608b08) thrown at [C:\src\AOSP-openjdk-git\hotspot\src\share\vm\prims\jni.cpp, line 1615]
Event: 0.924 Thread 0x0000000018159000 Exception <a 'java/lang/NoSuchMethodError': <clinit>> (0x00000000f7620708) thrown at [C:\src\AOSP-openjdk-git\hotspot\src\share\vm\prims\jni.cpp, line 1615]
Event: 0.924 Thread 0x0000000018159000 Exception <a 'java/lang/NoSuchMethodError': <clinit>> (0x00000000f76292a8) thrown at [C:\src\AOSP-openjdk-git\hotspot\src\share\vm\prims\jni.cpp, line 1615]
Event: 0.925 Thread 0x0000000018159000 Exception <a 'java/lang/NoSuchMethodError': <clinit>> (0x00000000f763f650) thrown at [C:\src\AOSP-openjdk-git\hotspot\src\share\vm\prims\jni.cpp, line 1615]
Event: 0.931 Thread 0x0000000018159000 Exception <a 'java/lang/NoSuchMethodError': <clinit>> (0x00000000f76a4260) thrown at [C:\src\AOSP-openjdk-git\hotspot\src\share\vm\prims\jni.cpp, line 1615]
Event: 0.934 Thread 0x0000000018159000 Exception <a 'java/lang/NoSuchMethodError': <clinit>> (0x00000000f76d0938) thrown at [C:\src\AOSP-openjdk-git\hotspot\src\share\vm\prims\jni.cpp, line 1615]
Event: 0.936 Thread 0x0000000018159000 Exception <a 'java/lang/NoSuchMethodError': <clinit>> (0x00000000f76fef50) thrown at [C:\src\AOSP-openjdk-git\hotspot\src\share\vm\prims\jni.cpp, line 1615]
Event: 0.937 Thread 0x0000000018159000 Exception <a 'java/lang/NoSuchMethodError': <clinit>> (0x00000000f7709f20) thrown at [C:\src\AOSP-openjdk-git\hotspot\src\share\vm\prims\jni.cpp, line 1615]

Events (10 events):
Event: 0.962 loading class org/gradle/cache/internal/GeneratedGradleJarCache
Event: 0.962 loading class org/gradle/cache/internal/GeneratedGradleJarCache done
Event: 0.962 loading class org/gradle/internal/vfs/VirtualFileSystem
Event: 0.962 loading class org/gradle/internal/vfs/VirtualFileSystem done
Event: 0.963 loading class org/gradle/internal/snapshot/impl/DefaultValueSnapshotter
Event: 0.963 loading class org/gradle/internal/snapshot/impl/DefaultValueSnapshotter done
Event: 0.963 loading class org/gradle/internal/snapshot/ValueSnapshotter
Event: 0.963 loading class org/gradle/internal/snapshot/ValueSnapshotter done
Event: 0.963 loading class org/gradle/internal/isolation/IsolatableFactory
Event: 0.963 loading class org/gradle/internal/isolation/IsolatableFactory done


Dynamic libraries:
0x00007ff6b9310000 - 0x00007ff6b9341000 	C:\Program Files (x86)\Android\Android Studio\jre\bin\java.exe
0x00007ff9e0350000 - 0x00007ff9e0546000 	C:\Windows\SYSTEM32\ntdll.dll
0x00007ff9df830000 - 0x00007ff9df8ed000 	C:\Windows\System32\KERNEL32.DLL
0x00007ff9ddc40000 - 0x00007ff9ddf08000 	C:\Windows\System32\KERNELBASE.dll
0x00007ff9df000000 - 0x00007ff9df0ac000 	C:\Windows\System32\ADVAPI32.dll
0x00007ff9def60000 - 0x00007ff9deffe000 	C:\Windows\System32\msvcrt.dll
0x00007ff9df8f0000 - 0x00007ff9df98b000 	C:\Windows\System32\sechost.dll
0x00007ff9dede0000 - 0x00007ff9def04000 	C:\Windows\System32\RPCRT4.dll
0x00007ff9df210000 - 0x00007ff9df3b0000 	C:\Windows\System32\USER32.dll
0x00007ff9ddf40000 - 0x00007ff9ddf62000 	C:\Windows\System32\win32u.dll
0x00007ff9dfd10000 - 0x00007ff9dfd3a000 	C:\Windows\System32\GDI32.dll
0x00007ff9ddff0000 - 0x00007ff9de0f9000 	C:\Windows\System32\gdi32full.dll
0x00007ff9de2b0000 - 0x00007ff9de34d000 	C:\Windows\System32\msvcp_win.dll
0x00007ff9ddb40000 - 0x00007ff9ddc40000 	C:\Windows\System32\ucrtbase.dll
0x00007ff9ce2d0000 - 0x00007ff9ce56b000 	C:\Windows\WinSxS\amd64_microsoft.windows.common-controls_6595b64144ccf1df_6.0.19041.488_none_ca04af081b815d21\COMCTL32.dll
0x00007ff9def30000 - 0x00007ff9def60000 	C:\Windows\System32\IMM32.DLL
0x0000000062cd0000 - 0x0000000062da2000 	C:\Program Files (x86)\Android\Android Studio\jre\jre\bin\msvcr100.dll
0x0000000063010000 - 0x000000006385b000 	C:\Program Files (x86)\Android\Android Studio\jre\jre\bin\server\jvm.dll
0x00007ff9df820000 - 0x00007ff9df828000 	C:\Windows\System32\PSAPI.DLL
0x00007ff9d4e90000 - 0x00007ff9d4eb7000 	C:\Windows\SYSTEM32\WINMM.dll
0x00007ff9d81c0000 - 0x00007ff9d81ca000 	C:\Windows\SYSTEM32\VERSION.dll
0x00007ff9d9960000 - 0x00007ff9d9969000 	C:\Windows\SYSTEM32\WSOCK32.dll
0x00007ff9dfb20000 - 0x00007ff9dfb8b000 	C:\Windows\System32\WS2_32.dll
0x00007ff9d9140000 - 0x00007ff9d914f000 	C:\Program Files (x86)\Android\Android Studio\jre\jre\bin\verify.dll
0x00007ff9ca230000 - 0x00007ff9ca259000 	C:\Program Files (x86)\Android\Android Studio\jre\jre\bin\java.dll
0x00007ff9d9120000 - 0x00007ff9d9136000 	C:\Program Files (x86)\Android\Android Studio\jre\jre\bin\zip.dll
0x00007ff9de3b0000 - 0x00007ff9deaf1000 	C:\Windows\System32\SHELL32.dll
0x00007ff9dbc00000 - 0x00007ff9dc395000 	C:\Windows\SYSTEM32\windows.storage.dll
0x00007ff9dfe70000 - 0x00007ff9e01c5000 	C:\Windows\System32\combase.dll
0x00007ff9dd500000 - 0x00007ff9dd52c000 	C:\Windows\SYSTEM32\Wldp.dll
0x00007ff9df0b0000 - 0x00007ff9df15e000 	C:\Windows\System32\SHCORE.dll
0x00007ff9dfe10000 - 0x00007ff9dfe65000 	C:\Windows\System32\shlwapi.dll
0x00007ff9dd9c0000 - 0x00007ff9dd9e6000 	C:\Windows\SYSTEM32\profapi.dll
0x00007ff9ca210000 - 0x00007ff9ca22a000 	C:\Program Files (x86)\Android\Android Studio\jre\jre\bin\net.dll
0x00007ff9dd280000 - 0x00007ff9dd2ea000 	C:\Windows\system32\mswsock.dll
0x00007ff9ca160000 - 0x00007ff9ca173000 	C:\Program Files (x86)\Android\Android Studio\jre\jre\bin\nio.dll
0x00007ff9b3020000 - 0x00007ff9b3046000 	C:\Users\Loyd\.gradle\native\31\windows-amd64\native-platform.dll
0x00007ff9ca150000 - 0x00007ff9ca15d000 	C:\Program Files (x86)\Android\Android Studio\jre\jre\bin\management.dll
0x00007ff9dd450000 - 0x00007ff9dd468000 	C:\Windows\SYSTEM32\CRYPTSP.dll
0x00007ff9dcba0000 - 0x00007ff9dcbd4000 	C:\Windows\system32\rsaenh.dll
0x00007ff9ddf10000 - 0x00007ff9ddf37000 	C:\Windows\System32\bcrypt.dll
0x00007ff9dd980000 - 0x00007ff9dd9ae000 	C:\Windows\SYSTEM32\USERENV.dll
0x00007ff9ddf70000 - 0x00007ff9ddfef000 	C:\Windows\System32\bcryptprimitives.dll
0x00007ff9dd470000 - 0x00007ff9dd47c000 	C:\Windows\SYSTEM32\CRYPTBASE.dll
0x00007ff9dcf20000 - 0x00007ff9dcf5b000 	C:\Windows\SYSTEM32\IPHLPAPI.DLL
0x00007ff9dfb90000 - 0x00007ff9dfb98000 	C:\Windows\System32\NSI.dll
0x00007ff9d85c0000 - 0x00007ff9d85d7000 	C:\Windows\SYSTEM32\dhcpcsvc6.DLL
0x00007ff9d8390000 - 0x00007ff9d83ad000 	C:\Windows\SYSTEM32\dhcpcsvc.DLL
0x00007ff9dcf70000 - 0x00007ff9dd03b000 	C:\Windows\SYSTEM32\DNSAPI.dll
0x00007ff9cd0f0000 - 0x00007ff9cd2d4000 	C:\Windows\SYSTEM32\dbghelp.dll

VM Arguments:
jvm_args: -XX:MaxMetaspaceSize=256m -XX:+HeapDumpOnOutOfMemoryError -Xms256m -Xmx512m -Dfile.encoding=windows-1252 -Duser.country=US -Duser.language=en -Duser.variant 
java_command: org.gradle.launcher.daemon.bootstrap.GradleDaemon 6.1.1
java_class_path (initial): C:\Users\Loyd\.gradle\wrapper\dists\gradle-6.1.1-all\cfmwm155h49vnt3hynmlrsdst\gradle-6.1.1\lib\gradle-launcher-6.1.1.jar
Launcher Type: SUN_STANDARD

Environment Variables:
PATH=C:\Program Files (x86)\Common Files\Intel\Shared Libraries\redist\intel64\compiler;C:\Program Files (x86)\Common Files\Oracle\Java\javapath;C:\Windows\system32;C:\Windows;C:\Windows\System32\Wbem;C:\Windows\System32\WindowsPowerShell\v1.0\;C:\Windows\System32\OpenSSH\;C:\Program Files (x86)\Git\cmd;C:\Program Files (x86)\NVIDIA Corporation\PhysX\Common;C:\Program Files (x86)\Microsoft VS Code\bin;C:\ProgramData\chocolatey\bin;C:\Program Files (x86)\Yarn\bin\;C:\Program Files\nodejs\;C:\Users\Loyd\AppData\Local\Microsoft\WindowsApps;C:\Users\Loyd\AppData\Local\Yarn\bin;C:\Program Files (x86)\platform-tools;
USERNAME=Loyd
OS=Windows_NT
PROCESSOR_IDENTIFIER=Intel64 Family 6 Model 158 Stepping 10, GenuineIntel



---------------  S Y S T E M  ---------------

OS: Windows 10.0 , 64 bit Build 19041 (10.0.19041.546)

CPU:total 6 (initial active 6) (6 cores per cpu, 1 threads per core) family 6 model 158 stepping 10, cmov, cx8, fxsr, mmx, sse, sse2, sse3, ssse3, sse4.1, sse4.2, popcnt, avx, avx2, aes, clmul, erms, 3dnowpref, lzcnt, tsc, tscinvbit, bmi1, bmi2, adx

Memory: 4k page, physical 33485032k(25126440k free), swap 39495912k(28042880k free)

vm_info: OpenJDK 64-Bit Server VM (25.242-b01) for windows-amd64 JRE (1.8.0_242-release-1644-b01), built by "builder" with MS VC++ 10.0 (VS2010)

time: Sun Nov 15 16:30:20 2020
timezone: China Standard Time
elapsed time: 0 seconds (0d 0h 0m 0s)

